{"meta": {"format": 3, "version": "7.10.7", "timestamp": "2025-10-27T10:57:57.158521", "branch_coverage": false, "show_contexts": false}, "files": {"src\\mlpy\\__init__.py": {"executed_lines": [1, 13, 15], "summary": {"covered_lines": 2, "num_statements": 2, "percent_covered": 100.0, "percent_covered_display": "100", "missing_lines": 0, "excluded_lines": 0}, "missing_lines": [], "excluded_lines": [], "functions": {"": {"executed_lines": [1, 13, 15], "summary": {"covered_lines": 2, "num_statements": 2, "percent_covered": 100.0, "percent_covered_display": "100", "missing_lines": 0, "excluded_lines": 0}, "missing_lines": [], "excluded_lines": []}}, "classes": {"": {"executed_lines": [1, 13, 15], "summary": {"covered_lines": 2, "num_statements": 2, "percent_covered": 100.0, "percent_covered_display": "100", "missing_lines": 0, "excluded_lines": 0}, "missing_lines": [], "excluded_lines": []}}}, "src\\mlpy\\__main__.py": {"executed_lines": [], "summary": {"covered_lines": 0, "num_statements": 3, "percent_covered": 0.0, "percent_covered_display": "0", "missing_lines": 3, "excluded_lines": 0}, "missing_lines": [3, 5, 6], "excluded_lines": [], "functions": {"": {"executed_lines": [], "summary": {"covered_lines": 0, "num_statements": 3, "percent_covered": 0.0, "percent_covered_display": "0", "missing_lines": 3, "excluded_lines": 0}, "missing_lines": [3, 5, 6], "excluded_lines": []}}, "classes": {"": {"executed_lines": [], "summary": {"covered_lines": 0, "num_statements": 3, "percent_covered": 0.0, "percent_covered_display": "0", "missing_lines": 3, "excluded_lines": 0}, "missing_lines": [3, 5, 6], "excluded_lines": []}}}, "src\\mlpy\\cache\\__init__.py": {"executed_lines": [], "summary": {"covered_lines": 0, "num_statements": 0, "percent_covered": 100.0, "percent_covered_display": "100", "missing_lines": 0, "excluded_lines": 0}, "missing_lines": [], "excluded_lines": [], "functions": {"": {"executed_lines": [], "summary": {"covered_lines": 0, "num_statements": 0, "percent_covered": 100.0, "percent_covered_display": "100", "missing_lines": 0, "excluded_lines": 0}, "missing_lines": [], "excluded_lines": []}}, "classes": {"": {"executed_lines": [], "summary": {"covered_lines": 0, "num_statements": 0, "percent_covered": 100.0, "percent_covered_display": "100", "missing_lines": 0, "excluded_lines": 0}, "missing_lines": [], "excluded_lines": []}}}, "src\\mlpy\\cli\\__init__.py": {"executed_lines": [1, 6, 7, 8, 10], "summary": {"covered_lines": 4, "num_statements": 4, "percent_covered": 100.0, "percent_covered_display": "100", "missing_lines": 0, "excluded_lines": 0}, "missing_lines": [], "excluded_lines": [], "functions": {"": {"executed_lines": [1, 6, 7, 8, 10], "summary": {"covered_lines": 4, "num_statements": 4, "percent_covered": 100.0, "percent_covered_display": "100", "missing_lines": 0, "excluded_lines": 0}, "missing_lines": [], "excluded_lines": []}}, "classes": {"": {"executed_lines": [1, 6, 7, 8, 10], "summary": {"covered_lines": 4, "num_statements": 4, "percent_covered": 100.0, "percent_covered_display": "100", "missing_lines": 0, "excluded_lines": 0}, "missing_lines": [], "excluded_lines": []}}}, "src\\mlpy\\cli\\app.py": {"executed_lines": [1, 3, 4, 5, 6, 8, 9, 10, 11, 12, 13, 15, 20, 21, 22, 28, 29, 33, 34, 35, 36, 39, 42, 43, 45, 59, 91, 114, 134, 184, 195, 234, 273, 291, 403, 404, 406, 437, 438, 439, 440, 441, 442, 443, 444, 445, 579, 580, 581, 582, 583, 584, 587, 588, 589, 595, 598, 604, 610, 750, 751, 752, 753, 754, 760, 1013, 1014, 1015, 1018, 1019, 1022, 1023, 1024, 1027, 1028, 1029, 1030, 1031, 1032, 1038, 1041, 1044, 1050, 1055, 1061, 1067, 1325, 1326, 1327, 1328, 1329, 1330, 1392, 1393, 1396, 1397, 1398, 1399, 1400, 1401, 1652, 1653, 1654, 1655, 1732, 1733, 1778, 1779, 1816, 1817, 1823, 1824, 1825, 1835, 1836, 1837, 1934, 1935, 1940, 1941, 1947, 1953, 2009, 2010, 2016, 2064, 2065, 2066, 2072], "summary": {"covered_lines": 126, "num_statements": 830, "percent_covered": 15.180722891566266, "percent_covered_display": "15", "missing_lines": 704, "excluded_lines": 0}, "missing_lines": [47, 48, 50, 56, 57, 61, 63, 64, 71, 72, 79, 80, 88, 93, 95, 109, 111, 116, 119, 120, 122, 123, 124, 125, 127, 128, 129, 131, 136, 137, 140, 141, 143, 144, 146, 147, 149, 151, 152, 153, 155, 163, 164, 166, 172, 173, 174, 177, 178, 179, 181, 186, 187, 188, 190, 191, 192, 214, 215, 218, 219, 220, 223, 224, 225, 227, 228, 229, 231, 253, 254, 257, 258, 259, 262, 263, 264, 266, 267, 268, 270, 275, 276, 277, 278, 279, 281, 287, 288, 293, 294, 295, 296, 297, 300, 306, 312, 318, 324, 332, 338, 344, 350, 356, 364, 370, 377, 378, 381, 400, 408, 409, 410, 413, 414, 415, 432, 433, 434, 485, 486, 488, 489, 490, 492, 493, 494, 495, 498, 499, 501, 502, 503, 504, 505, 507, 508, 509, 510, 511, 513, 514, 515, 517, 518, 519, 520, 521, 522, 523, 524, 525, 526, 528, 529, 530, 531, 533, 534, 535, 538, 539, 542, 576, 625, 627, 628, 631, 634, 637, 643, 645, 648, 649, 650, 653, 654, 657, 658, 660, 661, 663, 664, 666, 668, 671, 672, 674, 680, 683, 691, 692, 695, 696, 697, 698, 701, 710, 711, 714, 715, 716, 718, 721, 722, 723, 726, 727, 728, 730, 731, 741, 742, 743, 746, 747, 762, 764, 765, 767, 769, 771, 773, 775, 776, 777, 780, 781, 782, 785, 786, 787, 788, 791, 794, 797, 800, 807, 808, 809, 828, 845, 848, 849, 857, 860, 861, 872, 875, 876, 877, 878, 889, 892, 894, 896, 898, 928, 930, 953, 956, 957, 958, 961, 962, 963, 964, 966, 969, 970, 971, 973, 974, 982, 984, 985, 988, 991, 994, 995, 997, 998, 1008, 1009, 1010, 1090, 1092, 1093, 1096, 1099, 1102, 1108, 1111, 1112, 1115, 1116, 1118, 1119, 1121, 1123, 1126, 1137, 1140, 1141, 1142, 1143, 1146, 1147, 1148, 1149, 1152, 1153, 1154, 1155, 1156, 1157, 1160, 1161, 1162, 1165, 1166, 1168, 1173, 1183, 1193, 1194, 1196, 1198, 1209, 1213, 1214, 1215, 1216, 1217, 1220, 1221, 1222, 1225, 1226, 1228, 1229, 1232, 1234, 1235, 1236, 1238, 1239, 1241, 1242, 1245, 1246, 1247, 1248, 1250, 1251, 1252, 1253, 1256, 1257, 1258, 1259, 1262, 1263, 1264, 1265, 1266, 1268, 1269, 1270, 1271, 1272, 1275, 1277, 1280, 1281, 1284, 1286, 1287, 1288, 1289, 1290, 1291, 1292, 1293, 1294, 1295, 1296, 1299, 1302, 1303, 1304, 1305, 1307, 1308, 1309, 1312, 1313, 1315, 1316, 1317, 1318, 1320, 1322, 1334, 1336, 1337, 1338, 1339, 1340, 1341, 1344, 1346, 1347, 1349, 1351, 1352, 1353, 1354, 1356, 1357, 1358, 1359, 1360, 1361, 1363, 1364, 1366, 1368, 1369, 1370, 1371, 1373, 1374, 1375, 1376, 1377, 1378, 1380, 1382, 1383, 1384, 1385, 1387, 1388, 1405, 1407, 1409, 1412, 1414, 1415, 1416, 1418, 1419, 1420, 1422, 1425, 1426, 1429, 1430, 1431, 1432, 1433, 1434, 1435, 1436, 1439, 1440, 1441, 1442, 1446, 1449, 1451, 1452, 1453, 1456, 1472, 1473, 1474, 1475, 1477, 1478, 1479, 1481, 1484, 1485, 1487, 1488, 1489, 1491, 1493, 1495, 1528, 1529, 1531, 1552, 1553, 1555, 1562, 1563, 1564, 1566, 1570, 1571, 1572, 1575, 1576, 1577, 1578, 1580, 1585, 1590, 1596, 1597, 1600, 1601, 1602, 1603, 1605, 1606, 1613, 1615, 1616, 1619, 1620, 1621, 1622, 1623, 1626, 1627, 1639, 1640, 1642, 1643, 1645, 1647, 1648, 1649, 1657, 1659, 1660, 1663, 1665, 1667, 1669, 1681, 1684, 1685, 1686, 1687, 1689, 1691, 1692, 1693, 1694, 1696, 1697, 1698, 1699, 1702, 1703, 1704, 1705, 1706, 1709, 1711, 1713, 1714, 1716, 1717, 1727, 1728, 1729, 1735, 1737, 1739, 1740, 1743, 1746, 1747, 1748, 1750, 1751, 1752, 1754, 1755, 1758, 1759, 1760, 1761, 1762, 1763, 1764, 1766, 1767, 1775, 1781, 1782, 1785, 1794, 1803, 1804, 1805, 1806, 1809, 1811, 1812, 1813, 1819, 1820, 1827, 1828, 1829, 1831, 1832, 1854, 1855, 1856, 1857, 1858, 1860, 1862, 1863, 1864, 1866, 1870, 1871, 1872, 1873, 1874, 1877, 1878, 1880, 1881, 1882, 1890, 1893, 1894, 1897, 1898, 1899, 1900, 1902, 1903, 1904, 1906, 1909, 1910, 1911, 1912, 1915, 1917, 1918, 1921, 1922, 1924, 1925, 1927, 1928, 1929, 1930, 1931, 1979, 1982, 1984, 1985, 1988, 1991, 1993, 1996, 1997, 2000, 2001, 2003, 2004, 2006, 2030, 2031, 2034, 2035, 2036, 2038, 2040, 2044, 2046, 2049, 2051, 2052, 2053, 2054, 2055, 2056, 2057, 2058, 2059, 2060, 2067, 2069, 2073, 2074, 2075, 2077, 2090, 2091, 2092], "excluded_lines": [], "functions": {"MLPYClickException.show": {"executed_lines": [], "summary": {"covered_lines": 0, "num_statements": 5, "percent_covered": 0.0, "percent_covered_display": "0", "missing_lines": 5, "excluded_lines": 0}, "missing_lines": [47, 48, 50, 56, 57], "excluded_lines": []}, "MLPYClickException._get_suggestions": {"executed_lines": [], "summary": {"covered_lines": 0, "num_statements": 8, "percent_covered": 0.0, "percent_covered_display": "0", "missing_lines": 8, "excluded_lines": 0}, "missing_lines": [61, 63, 64, 71, 72, 79, 80, 88], "excluded_lines": []}, "suggest_similar_commands": {"executed_lines": [], "summary": {"covered_lines": 0, "num_statements": 4, "percent_covered": 0.0, "percent_covered_display": "0", "missing_lines": 4, "excluded_lines": 0}, "missing_lines": [93, 95, 109, 111], "excluded_lines": []}, "create_enhanced_click_exception": {"executed_lines": [], "summary": {"covered_lines": 0, "num_statements": 11, "percent_covered": 0.0, "percent_covered_display": "0", "missing_lines": 11, "excluded_lines": 0}, "missing_lines": [116, 119, 120, 122, 123, 124, 125, 127, 128, 129, 131], "excluded_lines": []}, "validate_ml_file": {"executed_lines": [], "summary": {"covered_lines": 0, "num_statements": 23, "percent_covered": 0.0, "percent_covered_display": "0", "missing_lines": 23, "excluded_lines": 0}, "missing_lines": [136, 137, 140, 141, 143, 144, 146, 147, 149, 151, 152, 153, 155, 163, 164, 166, 172, 173, 174, 177, 178, 179, 181], "excluded_lines": []}, "handle_click_exception": {"executed_lines": [], "summary": {"covered_lines": 0, "num_statements": 6, "percent_covered": 0.0, "percent_covered_display": "0", "missing_lines": 6, "excluded_lines": 0}, "missing_lines": [186, 187, 188, 190, 191, 192], "excluded_lines": []}, "resolve_extension_paths": {"executed_lines": [], "summary": {"covered_lines": 0, "num_statements": 12, "percent_covered": 0.0, "percent_covered_display": "0", "missing_lines": 12, "excluded_lines": 0}, "missing_lines": [214, 215, 218, 219, 220, 223, 224, 225, 227, 228, 229, 231], "excluded_lines": []}, "resolve_ml_module_paths": {"executed_lines": [], "summary": {"covered_lines": 0, "num_statements": 12, "percent_covered": 0.0, "percent_covered_display": "0", "missing_lines": 12, "excluded_lines": 0}, "missing_lines": [253, 254, 257, 258, 259, 262, 263, 264, 266, 267, 268, 270], "excluded_lines": []}, "print_banner": {"executed_lines": [], "summary": {"covered_lines": 0, "num_statements": 8, "percent_covered": 0.0, "percent_covered_display": "0", "missing_lines": 8, "excluded_lines": 0}, "missing_lines": [275, 276, 277, 278, 279, 281, 287, 288], "excluded_lines": []}, "print_status_table": {"executed_lines": [], "summary": {"covered_lines": 0, "num_statements": 21, "percent_covered": 0.0, "percent_covered_display": "0", "missing_lines": 21, "excluded_lines": 0}, "missing_lines": [293, 294, 295, 296, 297, 300, 306, 312, 318, 324, 332, 338, 344, 350, 356, 364, 370, 377, 378, 381, 400], "excluded_lines": []}, "MLPYGroup.get_command": {"executed_lines": [], "summary": {"covered_lines": 0, "num_statements": 9, "percent_covered": 0.0, "percent_covered_display": "0", "missing_lines": 9, "excluded_lines": 0}, "missing_lines": [408, 409, 410, 413, 414, 415, 432, 433, 434], "excluded_lines": []}, "cli": {"executed_lines": [], "summary": {"covered_lines": 0, "num_statements": 45, "percent_covered": 0.0, "percent_covered_display": "0", "missing_lines": 45, "excluded_lines": 0}, "missing_lines": [485, 486, 488, 489, 490, 492, 493, 494, 495, 498, 499, 501, 502, 503, 504, 505, 507, 508, 509, 510, 511, 513, 514, 515, 517, 518, 519, 520, 521, 522, 523, 524, 525, 526, 528, 529, 530, 531, 533, 534, 535, 538, 539, 542, 576], "excluded_lines": []}, "transpile": {"executed_lines": [], "summary": {"covered_lines": 0, "num_statements": 52, "percent_covered": 0.0, "percent_covered_display": "0", "missing_lines": 52, "excluded_lines": 0}, "missing_lines": [625, 627, 628, 631, 634, 637, 643, 645, 648, 649, 650, 653, 654, 657, 658, 660, 661, 663, 664, 666, 668, 671, 672, 674, 680, 683, 691, 692, 695, 696, 697, 698, 701, 710, 711, 714, 715, 716, 718, 721, 722, 723, 726, 727, 728, 730, 731, 741, 742, 743, 746, 747], "excluded_lines": []}, "audit": {"executed_lines": [], "summary": {"covered_lines": 0, "num_statements": 69, "percent_covered": 0.0, "percent_covered_display": "0", "missing_lines": 69, "excluded_lines": 0}, "missing_lines": [762, 764, 765, 767, 769, 771, 773, 775, 776, 777, 780, 781, 782, 785, 786, 787, 788, 791, 794, 797, 800, 807, 808, 809, 828, 845, 848, 849, 857, 860, 861, 872, 875, 876, 877, 878, 889, 892, 894, 896, 898, 928, 930, 953, 956, 957, 958, 961, 962, 963, 964, 966, 969, 970, 971, 973, 974, 982, 984, 985, 988, 991, 994, 995, 997, 998, 1008, 1009, 1010], "excluded_lines": []}, "run": {"executed_lines": [], "summary": {"covered_lines": 0, "num_statements": 118, "percent_covered": 0.0, "percent_covered_display": "0", "missing_lines": 118, "excluded_lines": 0}, "missing_lines": [1090, 1092, 1093, 1096, 1099, 1102, 1108, 1111, 1112, 1115, 1116, 1118, 1119, 1121, 1123, 1126, 1137, 1140, 1141, 1142, 1143, 1146, 1147, 1148, 1149, 1152, 1153, 1154, 1155, 1156, 1157, 1160, 1161, 1162, 1165, 1166, 1168, 1173, 1183, 1193, 1194, 1196, 1198, 1209, 1213, 1214, 1215, 1216, 1217, 1220, 1221, 1222, 1225, 1226, 1228, 1229, 1232, 1234, 1235, 1236, 1238, 1239, 1241, 1242, 1245, 1246, 1247, 1248, 1250, 1251, 1252, 1253, 1256, 1257, 1258, 1259, 1262, 1263, 1264, 1265, 1266, 1268, 1269, 1270, 1271, 1272, 1275, 1277, 1280, 1281, 1284, 1286, 1287, 1288, 1289, 1290, 1291, 1292, 1293, 1294, 1295, 1296, 1299, 1302, 1303, 1304, 1305, 1307, 1308, 1309, 1312, 1313, 1315, 1316, 1317, 1318, 1320, 1322], "excluded_lines": []}, "cache": {"executed_lines": [], "summary": {"covered_lines": 0, "num_statements": 41, "percent_covered": 0.0, "percent_covered_display": "0", "missing_lines": 41, "excluded_lines": 0}, "missing_lines": [1334, 1336, 1337, 1338, 1339, 1340, 1341, 1344, 1346, 1347, 1349, 1351, 1352, 1353, 1354, 1356, 1357, 1358, 1359, 1360, 1361, 1363, 1364, 1366, 1368, 1369, 1370, 1371, 1373, 1374, 1375, 1376, 1377, 1378, 1380, 1382, 1383, 1384, 1385, 1387, 1388], "excluded_lines": []}, "security_analyze": {"executed_lines": [], "summary": {"covered_lines": 0, "num_statements": 93, "percent_covered": 0.0, "percent_covered_display": "0", "missing_lines": 93, "excluded_lines": 0}, "missing_lines": [1405, 1407, 1409, 1412, 1414, 1415, 1416, 1418, 1419, 1420, 1422, 1425, 1426, 1429, 1430, 1431, 1432, 1433, 1434, 1435, 1436, 1439, 1440, 1441, 1442, 1446, 1449, 1451, 1452, 1453, 1456, 1472, 1473, 1474, 1475, 1477, 1478, 1479, 1481, 1484, 1485, 1487, 1488, 1489, 1491, 1493, 1495, 1528, 1529, 1531, 1552, 1553, 1555, 1562, 1563, 1564, 1566, 1570, 1571, 1572, 1575, 1576, 1577, 1578, 1580, 1585, 1590, 1596, 1597, 1600, 1601, 1602, 1603, 1605, 1606, 1613, 1615, 1616, 1619, 1620, 1621, 1622, 1623, 1626, 1627, 1639, 1640, 1642, 1643, 1645, 1647, 1648, 1649], "excluded_lines": []}, "parse": {"executed_lines": [], "summary": {"covered_lines": 0, "num_statements": 35, "percent_covered": 0.0, "percent_covered_display": "0", "missing_lines": 35, "excluded_lines": 0}, "missing_lines": [1657, 1659, 1660, 1663, 1665, 1667, 1669, 1681, 1684, 1685, 1686, 1687, 1689, 1691, 1692, 1693, 1694, 1696, 1697, 1698, 1699, 1702, 1703, 1704, 1705, 1706, 1709, 1711, 1713, 1714, 1716, 1717, 1727, 1728, 1729], "excluded_lines": []}, "profile_report": {"executed_lines": [], "summary": {"covered_lines": 0, "num_statements": 23, "percent_covered": 0.0, "percent_covered_display": "0", "missing_lines": 23, "excluded_lines": 0}, "missing_lines": [1735, 1737, 1739, 1740, 1743, 1746, 1747, 1748, 1750, 1751, 1752, 1754, 1755, 1758, 1759, 1760, 1761, 1762, 1763, 1764, 1766, 1767, 1775], "excluded_lines": []}, "demo_errors": {"executed_lines": [], "summary": {"covered_lines": 0, "num_statements": 12, "percent_covered": 0.0, "percent_covered_display": "0", "missing_lines": 12, "excluded_lines": 0}, "missing_lines": [1781, 1782, 1785, 1794, 1803, 1804, 1805, 1806, 1809, 1811, 1812, 1813], "excluded_lines": []}, "clear_profiles": {"executed_lines": [], "summary": {"covered_lines": 0, "num_statements": 2, "percent_covered": 0.0, "percent_covered_display": "0", "missing_lines": 2, "excluded_lines": 0}, "missing_lines": [1819, 1820], "excluded_lines": []}, "profiling": {"executed_lines": [], "summary": {"covered_lines": 0, "num_statements": 5, "percent_covered": 0.0, "percent_covered_display": "0", "missing_lines": 5, "excluded_lines": 0}, "missing_lines": [1827, 1828, 1829, 1831, 1832], "excluded_lines": []}, "debug": {"executed_lines": [], "summary": {"covered_lines": 0, "num_statements": 41, "percent_covered": 0.0, "percent_covered_display": "0", "missing_lines": 41, "excluded_lines": 0}, "missing_lines": [1854, 1855, 1856, 1857, 1858, 1860, 1862, 1863, 1864, 1866, 1870, 1871, 1872, 1873, 1874, 1877, 1878, 1880, 1881, 1882, 1890, 1893, 1894, 1897, 1906, 1909, 1910, 1911, 1912, 1915, 1917, 1918, 1921, 1922, 1924, 1925, 1927, 1928, 1929, 1930, 1931], "excluded_lines": []}, "debug.on_pause": {"executed_lines": [], "summary": {"covered_lines": 0, "num_statements": 6, "percent_covered": 0.0, "percent_covered_display": "0", "missing_lines": 6, "excluded_lines": 0}, "missing_lines": [1898, 1899, 1900, 1902, 1903, 1904], "excluded_lines": []}, "repl": {"executed_lines": [], "summary": {"covered_lines": 0, "num_statements": 14, "percent_covered": 0.0, "percent_covered_display": "0", "missing_lines": 14, "excluded_lines": 0}, "missing_lines": [1979, 1982, 1984, 1985, 1988, 1991, 1993, 1996, 1997, 2000, 2001, 2003, 2004, 2006], "excluded_lines": []}, "debug_adapter": {"executed_lines": [], "summary": {"covered_lines": 0, "num_statements": 20, "percent_covered": 0.0, "percent_covered_display": "0", "missing_lines": 20, "excluded_lines": 0}, "missing_lines": [2030, 2031, 2034, 2035, 2036, 2038, 2040, 2044, 2046, 2049, 2051, 2052, 2053, 2054, 2055, 2056, 2057, 2058, 2059, 2060], "excluded_lines": []}, "": {"executed_lines": [1, 3, 4, 5, 6, 8, 9, 10, 11, 12, 13, 15, 20, 21, 22, 28, 29, 33, 34, 35, 36, 39, 42, 43, 45, 59, 91, 114, 134, 184, 195, 234, 273, 291, 403, 404, 406, 437, 438, 439, 440, 441, 442, 443, 444, 445, 579, 580, 581, 582, 583, 584, 587, 588, 589, 595, 598, 604, 610, 750, 751, 752, 753, 754, 760, 1013, 1014, 1015, 1018, 1019, 1022, 1023, 1024, 1027, 1028, 1029, 1030, 1031, 1032, 1038, 1041, 1044, 1050, 1055, 1061, 1067, 1325, 1326, 1327, 1328, 1329, 1330, 1392, 1393, 1396, 1397, 1398, 1399, 1400, 1401, 1652, 1653, 1654, 1655, 1732, 1733, 1778, 1779, 1816, 1817, 1823, 1824, 1825, 1835, 1836, 1837, 1934, 1935, 1940, 1941, 1947, 1953, 2009, 2010, 2016, 2064, 2065, 2066, 2072], "summary": {"covered_lines": 126, "num_statements": 135, "percent_covered": 93.33333333333333, "percent_covered_display": "93", "missing_lines": 9, "excluded_lines": 0}, "missing_lines": [2067, 2069, 2073, 2074, 2075, 2077, 2090, 2091, 2092], "excluded_lines": []}}, "classes": {"MLPYClickException": {"executed_lines": [], "summary": {"covered_lines": 0, "num_statements": 13, "percent_covered": 0.0, "percent_covered_display": "0", "missing_lines": 13, "excluded_lines": 0}, "missing_lines": [47, 48, 50, 56, 57, 61, 63, 64, 71, 72, 79, 80, 88], "excluded_lines": []}, "MLPYGroup": {"executed_lines": [], "summary": {"covered_lines": 0, "num_statements": 9, "percent_covered": 0.0, "percent_covered_display": "0", "missing_lines": 9, "excluded_lines": 0}, "missing_lines": [408, 409, 410, 413, 414, 415, 432, 433, 434], "excluded_lines": []}, "": {"executed_lines": [1, 3, 4, 5, 6, 8, 9, 10, 11, 12, 13, 15, 20, 21, 22, 28, 29, 33, 34, 35, 36, 39, 42, 43, 45, 59, 91, 114, 134, 184, 195, 234, 273, 291, 403, 404, 406, 437, 438, 439, 440, 441, 442, 443, 444, 445, 579, 580, 581, 582, 583, 584, 587, 588, 589, 595, 598, 604, 610, 750, 751, 752, 753, 754, 760, 1013, 1014, 1015, 1018, 1019, 1022, 1023, 1024, 1027, 1028, 1029, 1030, 1031, 1032, 1038, 1041, 1044, 1050, 1055, 1061, 1067, 1325, 1326, 1327, 1328, 1329, 1330, 1392, 1393, 1396, 1397, 1398, 1399, 1400, 1401, 1652, 1653, 1654, 1655, 1732, 1733, 1778, 1779, 1816, 1817, 1823, 1824, 1825, 1835, 1836, 1837, 1934, 1935, 1940, 1941, 1947, 1953, 2009, 2010, 2016, 2064, 2065, 2066, 2072], "summary": {"covered_lines": 126, "num_statements": 808, "percent_covered": 15.594059405940595, "percent_covered_display": "16", "missing_lines": 682, "excluded_lines": 0}, "missing_lines": [93, 95, 109, 111, 116, 119, 120, 122, 123, 124, 125, 127, 128, 129, 131, 136, 137, 140, 141, 143, 144, 146, 147, 149, 151, 152, 153, 155, 163, 164, 166, 172, 173, 174, 177, 178, 179, 181, 186, 187, 188, 190, 191, 192, 214, 215, 218, 219, 220, 223, 224, 225, 227, 228, 229, 231, 253, 254, 257, 258, 259, 262, 263, 264, 266, 267, 268, 270, 275, 276, 277, 278, 279, 281, 287, 288, 293, 294, 295, 296, 297, 300, 306, 312, 318, 324, 332, 338, 344, 350, 356, 364, 370, 377, 378, 381, 400, 485, 486, 488, 489, 490, 492, 493, 494, 495, 498, 499, 501, 502, 503, 504, 505, 507, 508, 509, 510, 511, 513, 514, 515, 517, 518, 519, 520, 521, 522, 523, 524, 525, 526, 528, 529, 530, 531, 533, 534, 535, 538, 539, 542, 576, 625, 627, 628, 631, 634, 637, 643, 645, 648, 649, 650, 653, 654, 657, 658, 660, 661, 663, 664, 666, 668, 671, 672, 674, 680, 683, 691, 692, 695, 696, 697, 698, 701, 710, 711, 714, 715, 716, 718, 721, 722, 723, 726, 727, 728, 730, 731, 741, 742, 743, 746, 747, 762, 764, 765, 767, 769, 771, 773, 775, 776, 777, 780, 781, 782, 785, 786, 787, 788, 791, 794, 797, 800, 807, 808, 809, 828, 845, 848, 849, 857, 860, 861, 872, 875, 876, 877, 878, 889, 892, 894, 896, 898, 928, 930, 953, 956, 957, 958, 961, 962, 963, 964, 966, 969, 970, 971, 973, 974, 982, 984, 985, 988, 991, 994, 995, 997, 998, 1008, 1009, 1010, 1090, 1092, 1093, 1096, 1099, 1102, 1108, 1111, 1112, 1115, 1116, 1118, 1119, 1121, 1123, 1126, 1137, 1140, 1141, 1142, 1143, 1146, 1147, 1148, 1149, 1152, 1153, 1154, 1155, 1156, 1157, 1160, 1161, 1162, 1165, 1166, 1168, 1173, 1183, 1193, 1194, 1196, 1198, 1209, 1213, 1214, 1215, 1216, 1217, 1220, 1221, 1222, 1225, 1226, 1228, 1229, 1232, 1234, 1235, 1236, 1238, 1239, 1241, 1242, 1245, 1246, 1247, 1248, 1250, 1251, 1252, 1253, 1256, 1257, 1258, 1259, 1262, 1263, 1264, 1265, 1266, 1268, 1269, 1270, 1271, 1272, 1275, 1277, 1280, 1281, 1284, 1286, 1287, 1288, 1289, 1290, 1291, 1292, 1293, 1294, 1295, 1296, 1299, 1302, 1303, 1304, 1305, 1307, 1308, 1309, 1312, 1313, 1315, 1316, 1317, 1318, 1320, 1322, 1334, 1336, 1337, 1338, 1339, 1340, 1341, 1344, 1346, 1347, 1349, 1351, 1352, 1353, 1354, 1356, 1357, 1358, 1359, 1360, 1361, 1363, 1364, 1366, 1368, 1369, 1370, 1371, 1373, 1374, 1375, 1376, 1377, 1378, 1380, 1382, 1383, 1384, 1385, 1387, 1388, 1405, 1407, 1409, 1412, 1414, 1415, 1416, 1418, 1419, 1420, 1422, 1425, 1426, 1429, 1430, 1431, 1432, 1433, 1434, 1435, 1436, 1439, 1440, 1441, 1442, 1446, 1449, 1451, 1452, 1453, 1456, 1472, 1473, 1474, 1475, 1477, 1478, 1479, 1481, 1484, 1485, 1487, 1488, 1489, 1491, 1493, 1495, 1528, 1529, 1531, 1552, 1553, 1555, 1562, 1563, 1564, 1566, 1570, 1571, 1572, 1575, 1576, 1577, 1578, 1580, 1585, 1590, 1596, 1597, 1600, 1601, 1602, 1603, 1605, 1606, 1613, 1615, 1616, 1619, 1620, 1621, 1622, 1623, 1626, 1627, 1639, 1640, 1642, 1643, 1645, 1647, 1648, 1649, 1657, 1659, 1660, 1663, 1665, 1667, 1669, 1681, 1684, 1685, 1686, 1687, 1689, 1691, 1692, 1693, 1694, 1696, 1697, 1698, 1699, 1702, 1703, 1704, 1705, 1706, 1709, 1711, 1713, 1714, 1716, 1717, 1727, 1728, 1729, 1735, 1737, 1739, 1740, 1743, 1746, 1747, 1748, 1750, 1751, 1752, 1754, 1755, 1758, 1759, 1760, 1761, 1762, 1763, 1764, 1766, 1767, 1775, 1781, 1782, 1785, 1794, 1803, 1804, 1805, 1806, 1809, 1811, 1812, 1813, 1819, 1820, 1827, 1828, 1829, 1831, 1832, 1854, 1855, 1856, 1857, 1858, 1860, 1862, 1863, 1864, 1866, 1870, 1871, 1872, 1873, 1874, 1877, 1878, 1880, 1881, 1882, 1890, 1893, 1894, 1897, 1898, 1899, 1900, 1902, 1903, 1904, 1906, 1909, 1910, 1911, 1912, 1915, 1917, 1918, 1921, 1922, 1924, 1925, 1927, 1928, 1929, 1930, 1931, 1979, 1982, 1984, 1985, 1988, 1991, 1993, 1996, 1997, 2000, 2001, 2003, 2004, 2006, 2030, 2031, 2034, 2035, 2036, 2038, 2040, 2044, 2046, 2049, 2051, 2052, 2053, 2054, 2055, 2056, 2057, 2058, 2059, 2060, 2067, 2069, 2073, 2074, 2075, 2077, 2090, 2091, 2092], "excluded_lines": []}}}, "src\\mlpy\\cli\\commands.py": {"executed_lines": [1, 6, 7, 10, 11, 13, 16, 20, 25, 26, 28, 46, 58, 59, 61, 87, 180, 181, 183, 202, 315, 316, 318, 330, 337, 338, 340, 358, 365, 366, 368, 379, 386, 387, 389, 400, 426, 427, 429, 440, 447, 448, 450, 468, 494, 495, 497, 510, 533, 534, 536, 550, 679, 680, 682, 705], "summary": {"covered_lines": 42, "num_statements": 397, "percent_covered": 10.57934508816121, "percent_covered_display": "11", "missing_lines": 355, "excluded_lines": 0}, "missing_lines": [14, 18, 22, 29, 34, 35, 41, 42, 43, 44, 48, 49, 52, 53, 54, 55, 62, 67, 68, 69, 72, 73, 79, 80, 89, 91, 92, 93, 94, 97, 98, 99, 100, 101, 104, 106, 107, 108, 110, 111, 114, 115, 118, 121, 122, 133, 134, 135, 136, 137, 140, 141, 142, 144, 146, 147, 148, 151, 152, 153, 156, 160, 161, 162, 163, 164, 166, 167, 169, 170, 171, 172, 175, 177, 184, 189, 190, 191, 192, 193, 194, 195, 204, 205, 207, 208, 209, 210, 213, 214, 215, 216, 217, 220, 222, 223, 225, 228, 231, 234, 235, 236, 247, 248, 249, 250, 251, 254, 255, 256, 257, 258, 259, 261, 264, 265, 266, 267, 268, 269, 270, 271, 273, 274, 277, 278, 280, 281, 282, 284, 285, 287, 288, 292, 293, 294, 296, 297, 298, 299, 300, 301, 302, 303, 306, 307, 308, 309, 310, 311, 312, 319, 324, 325, 326, 327, 328, 332, 333, 334, 341, 346, 347, 350, 353, 356, 360, 361, 362, 369, 374, 375, 376, 377, 381, 382, 383, 390, 395, 396, 397, 398, 402, 403, 405, 406, 408, 409, 410, 412, 413, 414, 415, 416, 417, 418, 419, 421, 422, 423, 430, 435, 436, 437, 438, 442, 443, 444, 451, 456, 459, 462, 463, 466, 470, 471, 473, 474, 476, 477, 478, 479, 480, 481, 482, 483, 484, 485, 486, 487, 488, 490, 491, 498, 503, 506, 507, 508, 512, 513, 515, 517, 518, 519, 521, 522, 524, 525, 526, 527, 528, 529, 530, 537, 542, 543, 544, 552, 553, 554, 555, 556, 559, 560, 561, 562, 565, 567, 568, 570, 574, 575, 576, 577, 578, 581, 582, 583, 584, 585, 588, 589, 591, 594, 597, 598, 599, 600, 602, 603, 614, 615, 616, 617, 618, 619, 620, 621, 623, 625, 626, 629, 632, 635, 637, 638, 639, 642, 643, 644, 646, 649, 650, 653, 656, 657, 660, 661, 663, 664, 666, 668, 669, 670, 671, 672, 673, 675, 676, 683, 688, 694, 699, 707, 708, 711, 712, 714, 715, 717, 720, 721, 725, 728, 730, 733, 734, 736, 737, 738, 739, 740, 741, 742, 743], "excluded_lines": [], "functions": {"BaseCommand.__init__": {"executed_lines": [], "summary": {"covered_lines": 0, "num_statements": 1, "percent_covered": 0.0, "percent_covered_display": "0", "missing_lines": 1, "excluded_lines": 0}, "missing_lines": [14], "excluded_lines": []}, "BaseCommand.execute": {"executed_lines": [], "summary": {"covered_lines": 0, "num_statements": 1, "percent_covered": 0.0, "percent_covered_display": "0", "missing_lines": 1, "excluded_lines": 0}, "missing_lines": [18], "excluded_lines": []}, "BaseCommand.register_parser": {"executed_lines": [], "summary": {"covered_lines": 0, "num_statements": 1, "percent_covered": 0.0, "percent_covered_display": "0", "missing_lines": 1, "excluded_lines": 0}, "missing_lines": [22], "excluded_lines": []}, "InitCommand.register_parser": {"executed_lines": [], "summary": {"covered_lines": 0, "num_statements": 7, "percent_covered": 0.0, "percent_covered_display": "0", "missing_lines": 7, "excluded_lines": 0}, "missing_lines": [29, 34, 35, 41, 42, 43, 44], "excluded_lines": []}, "InitCommand.execute": {"executed_lines": [], "summary": {"covered_lines": 0, "num_statements": 6, "percent_covered": 0.0, "percent_covered_display": "0", "missing_lines": 6, "excluded_lines": 0}, "missing_lines": [48, 49, 52, 53, 54, 55], "excluded_lines": []}, "CompileCommand.register_parser": {"executed_lines": [], "summary": {"covered_lines": 0, "num_statements": 8, "percent_covered": 0.0, "percent_covered_display": "0", "missing_lines": 8, "excluded_lines": 0}, "missing_lines": [62, 67, 68, 69, 72, 73, 79, 80], "excluded_lines": []}, "CompileCommand.execute": {"executed_lines": [], "summary": {"covered_lines": 0, "num_statements": 50, "percent_covered": 0.0, "percent_covered_display": "0", "missing_lines": 50, "excluded_lines": 0}, "missing_lines": [89, 91, 92, 93, 94, 97, 98, 99, 100, 101, 104, 106, 107, 108, 110, 111, 114, 115, 118, 121, 122, 133, 134, 135, 136, 137, 140, 141, 142, 144, 146, 147, 148, 151, 152, 153, 156, 160, 161, 162, 163, 164, 166, 167, 169, 170, 171, 172, 175, 177], "excluded_lines": []}, "RunCommand.register_parser": {"executed_lines": [], "summary": {"covered_lines": 0, "num_statements": 8, "percent_covered": 0.0, "percent_covered_display": "0", "missing_lines": 8, "excluded_lines": 0}, "missing_lines": [184, 189, 190, 191, 192, 193, 194, 195], "excluded_lines": []}, "RunCommand.execute": {"executed_lines": [], "summary": {"covered_lines": 0, "num_statements": 69, "percent_covered": 0.0, "percent_covered_display": "0", "missing_lines": 69, "excluded_lines": 0}, "missing_lines": [204, 205, 207, 208, 209, 210, 213, 214, 215, 216, 217, 220, 222, 223, 225, 228, 231, 234, 235, 236, 247, 248, 249, 250, 251, 254, 255, 256, 257, 258, 259, 261, 264, 265, 266, 267, 268, 269, 270, 271, 273, 274, 277, 278, 280, 281, 282, 284, 285, 287, 288, 292, 293, 294, 296, 297, 298, 299, 300, 301, 302, 303, 306, 307, 308, 309, 310, 311, 312], "excluded_lines": []}, "TestCommand.register_parser": {"executed_lines": [], "summary": {"covered_lines": 0, "num_statements": 6, "percent_covered": 0.0, "percent_covered_display": "0", "missing_lines": 6, "excluded_lines": 0}, "missing_lines": [319, 324, 325, 326, 327, 328], "excluded_lines": []}, "TestCommand.execute": {"executed_lines": [], "summary": {"covered_lines": 0, "num_statements": 3, "percent_covered": 0.0, "percent_covered_display": "0", "missing_lines": 3, "excluded_lines": 0}, "missing_lines": [332, 333, 334], "excluded_lines": []}, "AnalyzeCommand.register_parser": {"executed_lines": [], "summary": {"covered_lines": 0, "num_statements": 6, "percent_covered": 0.0, "percent_covered_display": "0", "missing_lines": 6, "excluded_lines": 0}, "missing_lines": [341, 346, 347, 350, 353, 356], "excluded_lines": []}, "AnalyzeCommand.execute": {"executed_lines": [], "summary": {"covered_lines": 0, "num_statements": 3, "percent_covered": 0.0, "percent_covered_display": "0", "missing_lines": 3, "excluded_lines": 0}, "missing_lines": [360, 361, 362], "excluded_lines": []}, "WatchCommand.register_parser": {"executed_lines": [], "summary": {"covered_lines": 0, "num_statements": 5, "percent_covered": 0.0, "percent_covered_display": "0", "missing_lines": 5, "excluded_lines": 0}, "missing_lines": [369, 374, 375, 376, 377], "excluded_lines": []}, "WatchCommand.execute": {"executed_lines": [], "summary": {"covered_lines": 0, "num_statements": 3, "percent_covered": 0.0, "percent_covered_display": "0", "missing_lines": 3, "excluded_lines": 0}, "missing_lines": [381, 382, 383], "excluded_lines": []}, "ServeCommand.register_parser": {"executed_lines": [], "summary": {"covered_lines": 0, "num_statements": 5, "percent_covered": 0.0, "percent_covered_display": "0", "missing_lines": 5, "excluded_lines": 0}, "missing_lines": [390, 395, 396, 397, 398], "excluded_lines": []}, "ServeCommand.execute": {"executed_lines": [], "summary": {"covered_lines": 0, "num_statements": 18, "percent_covered": 0.0, "percent_covered_display": "0", "missing_lines": 18, "excluded_lines": 0}, "missing_lines": [402, 403, 405, 406, 408, 409, 410, 412, 413, 414, 415, 416, 417, 418, 419, 421, 422, 423], "excluded_lines": []}, "FormatCommand.register_parser": {"executed_lines": [], "summary": {"covered_lines": 0, "num_statements": 5, "percent_covered": 0.0, "percent_covered_display": "0", "missing_lines": 5, "excluded_lines": 0}, "missing_lines": [430, 435, 436, 437, 438], "excluded_lines": []}, "FormatCommand.execute": {"executed_lines": [], "summary": {"covered_lines": 0, "num_statements": 3, "percent_covered": 0.0, "percent_covered_display": "0", "missing_lines": 3, "excluded_lines": 0}, "missing_lines": [442, 443, 444], "excluded_lines": []}, "DocCommand.register_parser": {"executed_lines": [], "summary": {"covered_lines": 0, "num_statements": 6, "percent_covered": 0.0, "percent_covered_display": "0", "missing_lines": 6, "excluded_lines": 0}, "missing_lines": [451, 456, 459, 462, 463, 466], "excluded_lines": []}, "DocCommand.execute": {"executed_lines": [], "summary": {"covered_lines": 0, "num_statements": 19, "percent_covered": 0.0, "percent_covered_display": "0", "missing_lines": 19, "excluded_lines": 0}, "missing_lines": [470, 471, 473, 474, 476, 477, 478, 479, 480, 481, 482, 483, 484, 485, 486, 487, 488, 490, 491], "excluded_lines": []}, "LSPCommand.register_parser": {"executed_lines": [], "summary": {"covered_lines": 0, "num_statements": 5, "percent_covered": 0.0, "percent_covered_display": "0", "missing_lines": 5, "excluded_lines": 0}, "missing_lines": [498, 503, 506, 507, 508], "excluded_lines": []}, "LSPCommand.execute": {"executed_lines": [], "summary": {"covered_lines": 0, "num_statements": 15, "percent_covered": 0.0, "percent_covered_display": "0", "missing_lines": 15, "excluded_lines": 0}, "missing_lines": [512, 513, 515, 517, 518, 519, 521, 522, 524, 525, 526, 527, 528, 529, 530], "excluded_lines": []}, "DebugCommand.register_parser": {"executed_lines": [], "summary": {"covered_lines": 0, "num_statements": 4, "percent_covered": 0.0, "percent_covered_display": "0", "missing_lines": 4, "excluded_lines": 0}, "missing_lines": [537, 542, 543, 544], "excluded_lines": []}, "DebugCommand.execute": {"executed_lines": [], "summary": {"covered_lines": 0, "num_statements": 66, "percent_covered": 0.0, "percent_covered_display": "0", "missing_lines": 66, "excluded_lines": 0}, "missing_lines": [552, 553, 554, 555, 556, 559, 560, 561, 562, 565, 567, 568, 570, 574, 575, 576, 577, 578, 581, 582, 583, 584, 585, 588, 589, 591, 594, 597, 598, 599, 600, 602, 603, 614, 615, 616, 617, 618, 619, 620, 621, 623, 625, 626, 629, 632, 635, 646, 649, 650, 653, 656, 657, 660, 661, 663, 664, 666, 668, 669, 670, 671, 672, 673, 675, 676], "excluded_lines": []}, "DebugCommand.execute.on_pause": {"executed_lines": [], "summary": {"covered_lines": 0, "num_statements": 6, "percent_covered": 0.0, "percent_covered_display": "0", "missing_lines": 6, "excluded_lines": 0}, "missing_lines": [637, 638, 639, 642, 643, 644], "excluded_lines": []}, "DebugAdapterCommand.register_parser": {"executed_lines": [], "summary": {"covered_lines": 0, "num_statements": 4, "percent_covered": 0.0, "percent_covered_display": "0", "missing_lines": 4, "excluded_lines": 0}, "missing_lines": [683, 688, 694, 699], "excluded_lines": []}, "DebugAdapterCommand.execute": {"executed_lines": [], "summary": {"covered_lines": 0, "num_statements": 22, "percent_covered": 0.0, "percent_covered_display": "0", "missing_lines": 22, "excluded_lines": 0}, "missing_lines": [707, 708, 711, 712, 714, 715, 717, 720, 721, 725, 728, 730, 733, 734, 736, 737, 738, 739, 740, 741, 742, 743], "excluded_lines": []}, "": {"executed_lines": [1, 6, 7, 10, 11, 13, 16, 20, 25, 26, 28, 46, 58, 59, 61, 87, 180, 181, 183, 202, 315, 316, 318, 330, 337, 338, 340, 358, 365, 366, 368, 379, 386, 387, 389, 400, 426, 427, 429, 440, 447, 448, 450, 468, 494, 495, 497, 510, 533, 534, 536, 550, 679, 680, 682, 705], "summary": {"covered_lines": 42, "num_statements": 42, "percent_covered": 100.0, "percent_covered_display": "100", "missing_lines": 0, "excluded_lines": 0}, "missing_lines": [], "excluded_lines": []}}, "classes": {"BaseCommand": {"executed_lines": [], "summary": {"covered_lines": 0, "num_statements": 3, "percent_covered": 0.0, "percent_covered_display": "0", "missing_lines": 3, "excluded_lines": 0}, "missing_lines": [14, 18, 22], "excluded_lines": []}, "InitCommand": {"executed_lines": [], "summary": {"covered_lines": 0, "num_statements": 13, "percent_covered": 0.0, "percent_covered_display": "0", "missing_lines": 13, "excluded_lines": 0}, "missing_lines": [29, 34, 35, 41, 42, 43, 44, 48, 49, 52, 53, 54, 55], "excluded_lines": []}, "CompileCommand": {"executed_lines": [], "summary": {"covered_lines": 0, "num_statements": 58, "percent_covered": 0.0, "percent_covered_display": "0", "missing_lines": 58, "excluded_lines": 0}, "missing_lines": [62, 67, 68, 69, 72, 73, 79, 80, 89, 91, 92, 93, 94, 97, 98, 99, 100, 101, 104, 106, 107, 108, 110, 111, 114, 115, 118, 121, 122, 133, 134, 135, 136, 137, 140, 141, 142, 144, 146, 147, 148, 151, 152, 153, 156, 160, 161, 162, 163, 164, 166, 167, 169, 170, 171, 172, 175, 177], "excluded_lines": []}, "RunCommand": {"executed_lines": [], "summary": {"covered_lines": 0, "num_statements": 77, "percent_covered": 0.0, "percent_covered_display": "0", "missing_lines": 77, "excluded_lines": 0}, "missing_lines": [184, 189, 190, 191, 192, 193, 194, 195, 204, 205, 207, 208, 209, 210, 213, 214, 215, 216, 217, 220, 222, 223, 225, 228, 231, 234, 235, 236, 247, 248, 249, 250, 251, 254, 255, 256, 257, 258, 259, 261, 264, 265, 266, 267, 268, 269, 270, 271, 273, 274, 277, 278, 280, 281, 282, 284, 285, 287, 288, 292, 293, 294, 296, 297, 298, 299, 300, 301, 302, 303, 306, 307, 308, 309, 310, 311, 312], "excluded_lines": []}, "TestCommand": {"executed_lines": [], "summary": {"covered_lines": 0, "num_statements": 9, "percent_covered": 0.0, "percent_covered_display": "0", "missing_lines": 9, "excluded_lines": 0}, "missing_lines": [319, 324, 325, 326, 327, 328, 332, 333, 334], "excluded_lines": []}, "AnalyzeCommand": {"executed_lines": [], "summary": {"covered_lines": 0, "num_statements": 9, "percent_covered": 0.0, "percent_covered_display": "0", "missing_lines": 9, "excluded_lines": 0}, "missing_lines": [341, 346, 347, 350, 353, 356, 360, 361, 362], "excluded_lines": []}, "WatchCommand": {"executed_lines": [], "summary": {"covered_lines": 0, "num_statements": 8, "percent_covered": 0.0, "percent_covered_display": "0", "missing_lines": 8, "excluded_lines": 0}, "missing_lines": [369, 374, 375, 376, 377, 381, 382, 383], "excluded_lines": []}, "ServeCommand": {"executed_lines": [], "summary": {"covered_lines": 0, "num_statements": 23, "percent_covered": 0.0, "percent_covered_display": "0", "missing_lines": 23, "excluded_lines": 0}, "missing_lines": [390, 395, 396, 397, 398, 402, 403, 405, 406, 408, 409, 410, 412, 413, 414, 415, 416, 417, 418, 419, 421, 422, 423], "excluded_lines": []}, "FormatCommand": {"executed_lines": [], "summary": {"covered_lines": 0, "num_statements": 8, "percent_covered": 0.0, "percent_covered_display": "0", "missing_lines": 8, "excluded_lines": 0}, "missing_lines": [430, 435, 436, 437, 438, 442, 443, 444], "excluded_lines": []}, "DocCommand": {"executed_lines": [], "summary": {"covered_lines": 0, "num_statements": 25, "percent_covered": 0.0, "percent_covered_display": "0", "missing_lines": 25, "excluded_lines": 0}, "missing_lines": [451, 456, 459, 462, 463, 466, 470, 471, 473, 474, 476, 477, 478, 479, 480, 481, 482, 483, 484, 485, 486, 487, 488, 490, 491], "excluded_lines": []}, "LSPCommand": {"executed_lines": [], "summary": {"covered_lines": 0, "num_statements": 20, "percent_covered": 0.0, "percent_covered_display": "0", "missing_lines": 20, "excluded_lines": 0}, "missing_lines": [498, 503, 506, 507, 508, 512, 513, 515, 517, 518, 519, 521, 522, 524, 525, 526, 527, 528, 529, 530], "excluded_lines": []}, "DebugCommand": {"executed_lines": [], "summary": {"covered_lines": 0, "num_statements": 76, "percent_covered": 0.0, "percent_covered_display": "0", "missing_lines": 76, "excluded_lines": 0}, "missing_lines": [537, 542, 543, 544, 552, 553, 554, 555, 556, 559, 560, 561, 562, 565, 567, 568, 570, 574, 575, 576, 577, 578, 581, 582, 583, 584, 585, 588, 589, 591, 594, 597, 598, 599, 600, 602, 603, 614, 615, 616, 617, 618, 619, 620, 621, 623, 625, 626, 629, 632, 635, 637, 638, 639, 642, 643, 644, 646, 649, 650, 653, 656, 657, 660, 661, 663, 664, 666, 668, 669, 670, 671, 672, 673, 675, 676], "excluded_lines": []}, "DebugAdapterCommand": {"executed_lines": [], "summary": {"covered_lines": 0, "num_statements": 26, "percent_covered": 0.0, "percent_covered_display": "0", "missing_lines": 26, "excluded_lines": 0}, "missing_lines": [683, 688, 694, 699, 707, 708, 711, 712, 714, 715, 717, 720, 721, 725, 728, 730, 733, 734, 736, 737, 738, 739, 740, 741, 742, 743], "excluded_lines": []}, "": {"executed_lines": [1, 6, 7, 10, 11, 13, 16, 20, 25, 26, 28, 46, 58, 59, 61, 87, 180, 181, 183, 202, 315, 316, 318, 330, 337, 338, 340, 358, 365, 366, 368, 379, 386, 387, 389, 400, 426, 427, 429, 440, 447, 448, 450, 468, 494, 495, 497, 510, 533, 534, 536, 550, 679, 680, 682, 705], "summary": {"covered_lines": 42, "num_statements": 42, "percent_covered": 100.0, "percent_covered_display": "100", "missing_lines": 0, "excluded_lines": 0}, "missing_lines": [], "excluded_lines": []}}}, "src\\mlpy\\cli\\import_config.py": {"executed_lines": [1, 3, 5, 6, 9, 10, 12, 35, 54, 75, 80, 92, 114, 151, 186, 200, 213], "summary": {"covered_lines": 15, "num_statements": 84, "percent_covered": 17.857142857142858, "percent_covered_display": "18", "missing_lines": 69, "excluded_lines": 0}, "missing_lines": [27, 28, 29, 30, 33, 38, 39, 40, 41, 42, 44, 46, 49, 50, 60, 62, 69, 71, 73, 77, 78, 82, 101, 102, 105, 106, 108, 110, 111, 123, 125, 126, 127, 130, 131, 132, 134, 135, 136, 139, 140, 141, 143, 145, 146, 148, 169, 170, 173, 174, 175, 176, 178, 192, 207, 219, 221, 222, 223, 225, 226, 227, 229, 231, 233, 234, 235, 236, 238], "excluded_lines": [], "functions": {"ImportConfiguration.__init__": {"executed_lines": [], "summary": {"covered_lines": 0, "num_statements": 5, "percent_covered": 0.0, "percent_covered_display": "0", "missing_lines": 5, "excluded_lines": 0}, "missing_lines": [27, 28, 29, 30, 33], "excluded_lines": []}, "ImportConfiguration._validate_config": {"executed_lines": [], "summary": {"covered_lines": 0, "num_statements": 9, "percent_covered": 0.0, "percent_covered_display": "0", "missing_lines": 9, "excluded_lines": 0}, "missing_lines": [38, 39, 40, 41, 42, 44, 46, 49, 50], "excluded_lines": []}, "ImportConfiguration.create_resolver": {"executed_lines": [], "summary": {"covered_lines": 0, "num_statements": 5, "percent_covered": 0.0, "percent_covered_display": "0", "missing_lines": 5, "excluded_lines": 0}, "missing_lines": [60, 62, 69, 71, 73], "excluded_lines": []}, "ImportConfiguration.apply_global_config": {"executed_lines": [], "summary": {"covered_lines": 0, "num_statements": 2, "percent_covered": 0.0, "percent_covered_display": "0", "missing_lines": 2, "excluded_lines": 0}, "missing_lines": [77, 78], "excluded_lines": []}, "ImportConfiguration.get_config_summary": {"executed_lines": [], "summary": {"covered_lines": 0, "num_statements": 1, "percent_covered": 0.0, "percent_covered_display": "0", "missing_lines": 1, "excluded_lines": 0}, "missing_lines": [82], "excluded_lines": []}, "parse_import_paths": {"executed_lines": [], "summary": {"covered_lines": 0, "num_statements": 7, "percent_covered": 0.0, "percent_covered_display": "0", "missing_lines": 7, "excluded_lines": 0}, "missing_lines": [101, 102, 105, 106, 108, 110, 111], "excluded_lines": []}, "validate_import_paths": {"executed_lines": [], "summary": {"covered_lines": 0, "num_statements": 17, "percent_covered": 0.0, "percent_covered_display": "0", "missing_lines": 17, "excluded_lines": 0}, "missing_lines": [123, 125, 126, 127, 130, 131, 132, 134, 135, 136, 139, 140, 141, 143, 145, 146, 148], "excluded_lines": []}, "create_import_config_from_cli": {"executed_lines": [], "summary": {"covered_lines": 0, "num_statements": 7, "percent_covered": 0.0, "percent_covered_display": "0", "missing_lines": 7, "excluded_lines": 0}, "missing_lines": [169, 170, 173, 174, 175, 176, 178], "excluded_lines": []}, "get_default_import_config": {"executed_lines": [], "summary": {"covered_lines": 0, "num_statements": 1, "percent_covered": 0.0, "percent_covered_display": "0", "missing_lines": 1, "excluded_lines": 0}, "missing_lines": [192], "excluded_lines": []}, "apply_import_config": {"executed_lines": [], "summary": {"covered_lines": 0, "num_statements": 1, "percent_covered": 0.0, "percent_covered_display": "0", "missing_lines": 1, "excluded_lines": 0}, "missing_lines": [207], "excluded_lines": []}, "print_import_config": {"executed_lines": [], "summary": {"covered_lines": 0, "num_statements": 14, "percent_covered": 0.0, "percent_covered_display": "0", "missing_lines": 14, "excluded_lines": 0}, "missing_lines": [219, 221, 222, 223, 225, 226, 227, 229, 231, 233, 234, 235, 236, 238], "excluded_lines": []}, "": {"executed_lines": [1, 3, 5, 6, 9, 10, 12, 35, 54, 75, 80, 92, 114, 151, 186, 200, 213], "summary": {"covered_lines": 15, "num_statements": 15, "percent_covered": 100.0, "percent_covered_display": "100", "missing_lines": 0, "excluded_lines": 0}, "missing_lines": [], "excluded_lines": []}}, "classes": {"ImportConfiguration": {"executed_lines": [], "summary": {"covered_lines": 0, "num_statements": 22, "percent_covered": 0.0, "percent_covered_display": "0", "missing_lines": 22, "excluded_lines": 0}, "missing_lines": [27, 28, 29, 30, 33, 38, 39, 40, 41, 42, 44, 46, 49, 50, 60, 62, 69, 71, 73, 77, 78, 82], "excluded_lines": []}, "": {"executed_lines": [1, 3, 5, 6, 9, 10, 12, 35, 54, 75, 80, 92, 114, 151, 186, 200, 213], "summary": {"covered_lines": 15, "num_statements": 62, "percent_covered": 24.193548387096776, "percent_covered_display": "24", "missing_lines": 47, "excluded_lines": 0}, "missing_lines": [101, 102, 105, 106, 108, 110, 111, 123, 125, 126, 127, 130, 131, 132, 134, 135, 136, 139, 140, 141, 143, 145, 146, 148, 169, 170, 173, 174, 175, 176, 178, 192, 207, 219, 221, 222, 223, 225, 226, 227, 229, 231, 233, 234, 235, 236, 238], "excluded_lines": []}}}, "src\\mlpy\\cli\\main.py": {"executed_lines": [1, 6, 7, 8, 9, 10, 12, 24, 27, 28, 30, 35, 50, 59, 111, 125, 170, 191, 202], "summary": {"covered_lines": 17, "num_statements": 81, "percent_covered": 20.987654320987655, "percent_covered_display": "21", "missing_lines": 64, "excluded_lines": 0}, "missing_lines": [31, 32, 33, 37, 52, 53, 54, 55, 56, 57, 61, 82, 84, 92, 96, 98, 101, 106, 107, 109, 113, 114, 115, 116, 117, 118, 120, 122, 123, 127, 130, 131, 133, 136, 139, 140, 142, 143, 145, 148, 149, 150, 152, 153, 154, 155, 157, 158, 159, 160, 161, 162, 163, 164, 165, 167, 168, 172, 188, 193, 196, 197, 199, 203], "excluded_lines": [], "functions": {"MLCLIApp.__init__": {"executed_lines": [], "summary": {"covered_lines": 0, "num_statements": 3, "percent_covered": 0.0, "percent_covered_display": "0", "missing_lines": 3, "excluded_lines": 0}, "missing_lines": [31, 32, 33], "excluded_lines": []}, "MLCLIApp._register_commands": {"executed_lines": [], "summary": {"covered_lines": 0, "num_statements": 1, "percent_covered": 0.0, "percent_covered_display": "0", "missing_lines": 1, "excluded_lines": 0}, "missing_lines": [37], "excluded_lines": []}, "MLCLIApp._setup_logging": {"executed_lines": [], "summary": {"covered_lines": 0, "num_statements": 6, "percent_covered": 0.0, "percent_covered_display": "0", "missing_lines": 6, "excluded_lines": 0}, "missing_lines": [52, 53, 54, 55, 56, 57], "excluded_lines": []}, "MLCLIApp.create_parser": {"executed_lines": [], "summary": {"covered_lines": 0, "num_statements": 10, "percent_covered": 0.0, "percent_covered_display": "0", "missing_lines": 10, "excluded_lines": 0}, "missing_lines": [61, 82, 84, 92, 96, 98, 101, 106, 107, 109], "excluded_lines": []}, "MLCLIApp.configure_logging": {"executed_lines": [], "summary": {"covered_lines": 0, "num_statements": 9, "percent_covered": 0.0, "percent_covered_display": "0", "missing_lines": 9, "excluded_lines": 0}, "missing_lines": [113, 114, 115, 116, 117, 118, 120, 122, 123], "excluded_lines": []}, "MLCLIApp.run": {"executed_lines": [], "summary": {"covered_lines": 0, "num_statements": 28, "percent_covered": 0.0, "percent_covered_display": "0", "missing_lines": 28, "excluded_lines": 0}, "missing_lines": [127, 130, 131, 133, 136, 139, 140, 142, 143, 145, 148, 149, 150, 152, 153, 154, 155, 157, 158, 159, 160, 161, 162, 163, 164, 165, 167, 168], "excluded_lines": []}, "MLCLIApp.print_banner": {"executed_lines": [], "summary": {"covered_lines": 0, "num_statements": 2, "percent_covered": 0.0, "percent_covered_display": "0", "missing_lines": 2, "excluded_lines": 0}, "missing_lines": [172, 188], "excluded_lines": []}, "main": {"executed_lines": [], "summary": {"covered_lines": 0, "num_statements": 4, "percent_covered": 0.0, "percent_covered_display": "0", "missing_lines": 4, "excluded_lines": 0}, "missing_lines": [193, 196, 197, 199], "excluded_lines": []}, "": {"executed_lines": [1, 6, 7, 8, 9, 10, 12, 24, 27, 28, 30, 35, 50, 59, 111, 125, 170, 191, 202], "summary": {"covered_lines": 17, "num_statements": 18, "percent_covered": 94.44444444444444, "percent_covered_display": "94", "missing_lines": 1, "excluded_lines": 0}, "missing_lines": [203], "excluded_lines": []}}, "classes": {"MLCLIApp": {"executed_lines": [], "summary": {"covered_lines": 0, "num_statements": 59, "percent_covered": 0.0, "percent_covered_display": "0", "missing_lines": 59, "excluded_lines": 0}, "missing_lines": [31, 32, 33, 37, 52, 53, 54, 55, 56, 57, 61, 82, 84, 92, 96, 98, 101, 106, 107, 109, 113, 114, 115, 116, 117, 118, 120, 122, 123, 127, 130, 131, 133, 136, 139, 140, 142, 143, 145, 148, 149, 150, 152, 153, 154, 155, 157, 158, 159, 160, 161, 162, 163, 164, 165, 167, 168, 172, 188], "excluded_lines": []}, "": {"executed_lines": [1, 6, 7, 8, 9, 10, 12, 24, 27, 28, 30, 35, 50, 59, 111, 125, 170, 191, 202], "summary": {"covered_lines": 17, "num_statements": 22, "percent_covered": 77.27272727272727, "percent_covered_display": "77", "missing_lines": 5, "excluded_lines": 0}, "missing_lines": [193, 196, 197, 199, 203], "excluded_lines": []}}}, "src\\mlpy\\cli\\project_manager.py": {"executed_lines": [1, 6, 7, 8, 10, 13, 14, 15, 17, 18, 19, 20, 21, 24, 25, 26, 29, 30, 31, 34, 35, 36, 39, 42, 45, 46, 47, 50, 51, 52, 55, 56, 57, 59, 74, 75, 77, 82, 86, 101, 122, 150, 177, 207, 234, 399, 406, 417, 428, 432, 439, 446, 470], "summary": {"covered_lines": 50, "num_statements": 210, "percent_covered": 23.80952380952381, "percent_covered_display": "24", "missing_lines": 160, "excluded_lines": 0}, "missing_lines": [61, 62, 64, 65, 67, 68, 70, 71, 78, 79, 80, 84, 88, 90, 93, 94, 95, 96, 97, 99, 103, 104, 106, 107, 109, 116, 117, 118, 120, 124, 125, 126, 128, 129, 131, 132, 133, 135, 138, 141, 142, 144, 146, 147, 148, 152, 153, 155, 156, 158, 159, 160, 162, 164, 165, 166, 168, 170, 171, 173, 174, 175, 179, 180, 181, 184, 187, 192, 195, 198, 200, 201, 203, 204, 205, 209, 210, 213, 222, 223, 226, 227, 228, 229, 230, 231, 232, 236, 237, 240, 241, 242, 250, 251, 268, 269, 287, 291, 294, 295, 306, 309, 310, 366, 369, 370, 397, 401, 402, 404, 408, 409, 411, 412, 413, 415, 419, 420, 422, 423, 424, 426, 430, 434, 435, 437, 441, 442, 444, 448, 449, 451, 453, 454, 455, 458, 459, 460, 462, 463, 465, 466, 468, 472, 474, 475, 476, 479, 480, 481, 482, 483, 486, 487, 488, 491, 492, 494, 495, 497], "excluded_lines": [], "functions": {"MLProjectConfig.__post_init__": {"executed_lines": [], "summary": {"covered_lines": 0, "num_statements": 8, "percent_covered": 0.0, "percent_covered_display": "0", "missing_lines": 8, "excluded_lines": 0}, "missing_lines": [61, 62, 64, 65, 67, 68, 70, 71], "excluded_lines": []}, "MLProjectManager.__init__": {"executed_lines": [], "summary": {"covered_lines": 0, "num_statements": 3, "percent_covered": 0.0, "percent_covered_display": "0", "missing_lines": 3, "excluded_lines": 0}, "missing_lines": [78, 79, 80], "excluded_lines": []}, "MLProjectManager.set_project_root": {"executed_lines": [], "summary": {"covered_lines": 0, "num_statements": 1, "percent_covered": 0.0, "percent_covered_display": "0", "missing_lines": 1, "excluded_lines": 0}, "missing_lines": [84], "excluded_lines": []}, "MLProjectManager.discover_project_root": {"executed_lines": [], "summary": {"covered_lines": 0, "num_statements": 8, "percent_covered": 0.0, "percent_covered_display": "0", "missing_lines": 8, "excluded_lines": 0}, "missing_lines": [88, 90, 93, 94, 95, 96, 97, 99], "excluded_lines": []}, "MLProjectManager.discover_and_load_config": {"executed_lines": [], "summary": {"covered_lines": 0, "num_statements": 9, "percent_covered": 0.0, "percent_covered_display": "0", "missing_lines": 9, "excluded_lines": 0}, "missing_lines": [103, 104, 106, 107, 109, 116, 117, 118, 120], "excluded_lines": []}, "MLProjectManager.load_config": {"executed_lines": [], "summary": {"covered_lines": 0, "num_statements": 16, "percent_covered": 0.0, "percent_covered_display": "0", "missing_lines": 16, "excluded_lines": 0}, "missing_lines": [124, 125, 126, 128, 129, 131, 132, 133, 135, 138, 141, 142, 144, 146, 147, 148], "excluded_lines": []}, "MLProjectManager.save_config": {"executed_lines": [], "summary": {"covered_lines": 0, "num_statements": 17, "percent_covered": 0.0, "percent_covered_display": "0", "missing_lines": 17, "excluded_lines": 0}, "missing_lines": [152, 153, 155, 156, 158, 159, 160, 162, 164, 165, 166, 168, 170, 171, 173, 174, 175], "excluded_lines": []}, "MLProjectManager.init_project": {"executed_lines": [], "summary": {"covered_lines": 0, "num_statements": 13, "percent_covered": 0.0, "percent_covered_display": "0", "missing_lines": 13, "excluded_lines": 0}, "missing_lines": [179, 180, 181, 184, 187, 192, 195, 198, 200, 201, 203, 204, 205], "excluded_lines": []}, "MLProjectManager._create_project_structure": {"executed_lines": [], "summary": {"covered_lines": 0, "num_statements": 12, "percent_covered": 0.0, "percent_covered_display": "0", "missing_lines": 12, "excluded_lines": 0}, "missing_lines": [209, 210, 213, 222, 223, 226, 227, 228, 229, 230, 231, 232], "excluded_lines": []}, "MLProjectManager._create_initial_files": {"executed_lines": [], "summary": {"covered_lines": 0, "num_statements": 20, "percent_covered": 0.0, "percent_covered_display": "0", "missing_lines": 20, "excluded_lines": 0}, "missing_lines": [236, 237, 240, 241, 242, 250, 251, 268, 269, 287, 291, 294, 295, 306, 309, 310, 366, 369, 370, 397], "excluded_lines": []}, "MLProjectManager._format_capabilities_list": {"executed_lines": [], "summary": {"covered_lines": 0, "num_statements": 3, "percent_covered": 0.0, "percent_covered_display": "0", "missing_lines": 3, "excluded_lines": 0}, "missing_lines": [401, 402, 404], "excluded_lines": []}, "MLProjectManager.get_source_files": {"executed_lines": [], "summary": {"covered_lines": 0, "num_statements": 6, "percent_covered": 0.0, "percent_covered_display": "0", "missing_lines": 6, "excluded_lines": 0}, "missing_lines": [408, 409, 411, 412, 413, 415], "excluded_lines": []}, "MLProjectManager.get_test_files": {"executed_lines": [], "summary": {"covered_lines": 0, "num_statements": 6, "percent_covered": 0.0, "percent_covered_display": "0", "missing_lines": 6, "excluded_lines": 0}, "missing_lines": [419, 420, 422, 423, 424, 426], "excluded_lines": []}, "MLProjectManager.is_ml_project": {"executed_lines": [], "summary": {"covered_lines": 0, "num_statements": 1, "percent_covered": 0.0, "percent_covered_display": "0", "missing_lines": 1, "excluded_lines": 0}, "missing_lines": [430], "excluded_lines": []}, "MLProjectManager.get_output_dir": {"executed_lines": [], "summary": {"covered_lines": 0, "num_statements": 3, "percent_covered": 0.0, "percent_covered_display": "0", "missing_lines": 3, "excluded_lines": 0}, "missing_lines": [434, 435, 437], "excluded_lines": []}, "MLProjectManager.get_cache_dir": {"executed_lines": [], "summary": {"covered_lines": 0, "num_statements": 3, "percent_covered": 0.0, "percent_covered_display": "0", "missing_lines": 3, "excluded_lines": 0}, "missing_lines": [441, 442, 444], "excluded_lines": []}, "MLProjectManager.clean_project": {"executed_lines": [], "summary": {"covered_lines": 0, "num_statements": 14, "percent_covered": 0.0, "percent_covered_display": "0", "missing_lines": 14, "excluded_lines": 0}, "missing_lines": [448, 449, 451, 453, 454, 455, 458, 459, 460, 462, 463, 465, 466, 468], "excluded_lines": []}, "MLProjectManager.validate_project": {"executed_lines": [], "summary": {"covered_lines": 0, "num_statements": 17, "percent_covered": 0.0, "percent_covered_display": "0", "missing_lines": 17, "excluded_lines": 0}, "missing_lines": [472, 474, 475, 476, 479, 480, 481, 482, 483, 486, 487, 488, 491, 492, 494, 495, 497], "excluded_lines": []}, "": {"executed_lines": [1, 6, 7, 8, 10, 13, 14, 15, 17, 18, 19, 20, 21, 24, 25, 26, 29, 30, 31, 34, 35, 36, 39, 42, 45, 46, 47, 50, 51, 52, 55, 56, 57, 59, 74, 75, 77, 82, 86, 101, 122, 150, 177, 207, 234, 399, 406, 417, 428, 432, 439, 446, 470], "summary": {"covered_lines": 50, "num_statements": 50, "percent_covered": 100.0, "percent_covered_display": "100", "missing_lines": 0, "excluded_lines": 0}, "missing_lines": [], "excluded_lines": []}}, "classes": {"MLProjectConfig": {"executed_lines": [], "summary": {"covered_lines": 0, "num_statements": 8, "percent_covered": 0.0, "percent_covered_display": "0", "missing_lines": 8, "excluded_lines": 0}, "missing_lines": [61, 62, 64, 65, 67, 68, 70, 71], "excluded_lines": []}, "MLProjectManager": {"executed_lines": [], "summary": {"covered_lines": 0, "num_statements": 152, "percent_covered": 0.0, "percent_covered_display": "0", "missing_lines": 152, "excluded_lines": 0}, "missing_lines": [78, 79, 80, 84, 88, 90, 93, 94, 95, 96, 97, 99, 103, 104, 106, 107, 109, 116, 117, 118, 120, 124, 125, 126, 128, 129, 131, 132, 133, 135, 138, 141, 142, 144, 146, 147, 148, 152, 153, 155, 156, 158, 159, 160, 162, 164, 165, 166, 168, 170, 171, 173, 174, 175, 179, 180, 181, 184, 187, 192, 195, 198, 200, 201, 203, 204, 205, 209, 210, 213, 222, 223, 226, 227, 228, 229, 230, 231, 232, 236, 237, 240, 241, 242, 250, 251, 268, 269, 287, 291, 294, 295, 306, 309, 310, 366, 369, 370, 397, 401, 402, 404, 408, 409, 411, 412, 413, 415, 419, 420, 422, 423, 424, 426, 430, 434, 435, 437, 441, 442, 444, 448, 449, 451, 453, 454, 455, 458, 459, 460, 462, 463, 465, 466, 468, 472, 474, 475, 476, 479, 480, 481, 482, 483, 486, 487, 488, 491, 492, 494, 495, 497], "excluded_lines": []}, "": {"executed_lines": [1, 6, 7, 8, 10, 13, 14, 15, 17, 18, 19, 20, 21, 24, 25, 26, 29, 30, 31, 34, 35, 36, 39, 42, 45, 46, 47, 50, 51, 52, 55, 56, 57, 59, 74, 75, 77, 82, 86, 101, 122, 150, 177, 207, 234, 399, 406, 417, 428, 432, 439, 446, 470], "summary": {"covered_lines": 50, "num_statements": 50, "percent_covered": 100.0, "percent_covered_display": "100", "missing_lines": 0, "excluded_lines": 0}, "missing_lines": [], "excluded_lines": []}}}, "src\\mlpy\\cli\\repl.py": {"executed_lines": [1, 12, 13, 14, 15, 16, 18, 19, 22, 23, 24, 34, 35, 36, 37, 38, 41, 42, 43, 54, 55, 56, 57, 58, 59, 62, 63, 70, 74, 82, 90, 101, 106, 107, 123, 173, 224, 492, 541, 586, 606, 619, 640, 659, 667, 690, 732, 748, 772, 801, 820, 883, 943, 995, 1049, 1099, 1303, 1458, 1471, 1504, 1523, 1545, 1600, 1668, 1684, 1695, 1762, 1821, 1852], "summary": {"covered_lines": 64, "num_statements": 924, "percent_covered": 6.926406926406926, "percent_covered_display": "7", "missing_lines": 860, "excluded_lines": 0}, "missing_lines": [72, 80, 88, 99, 103, 142, 143, 144, 145, 146, 147, 150, 151, 152, 153, 156, 157, 160, 163, 164, 167, 168, 171, 176, 179, 180, 184, 185, 186, 187, 188, 189, 190, 191, 192, 193, 194, 195, 196, 197, 198, 199, 200, 201, 202, 204, 205, 209, 210, 213, 214, 215, 216, 217, 218, 219, 221, 222, 239, 240, 247, 248, 252, 253, 255, 256, 259, 261, 263, 268, 275, 277, 280, 281, 283, 285, 286, 288, 289, 290, 292, 293, 294, 295, 296, 298, 300, 301, 303, 308, 311, 313, 316, 318, 319, 320, 321, 322, 323, 324, 326, 327, 329, 331, 333, 334, 335, 336, 337, 338, 340, 341, 344, 346, 352, 353, 355, 357, 358, 360, 361, 364, 366, 367, 368, 370, 371, 372, 374, 375, 376, 378, 379, 380, 382, 383, 384, 386, 387, 388, 390, 391, 392, 395, 396, 397, 399, 402, 403, 406, 408, 413, 415, 417, 418, 419, 424, 431, 433, 434, 437, 440, 443, 445, 447, 449, 450, 451, 453, 457, 458, 462, 469, 472, 473, 475, 483, 485, 488, 490, 506, 508, 510, 513, 514, 516, 517, 519, 520, 522, 523, 524, 525, 527, 528, 529, 530, 532, 533, 535, 537, 539, 551, 552, 555, 556, 557, 558, 559, 560, 561, 562, 563, 564, 565, 566, 567, 568, 569, 570, 571, 572, 573, 574, 575, 576, 577, 579, 580, 582, 596, 597, 599, 616, 617, 629, 630, 633, 636, 638, 649, 650, 652, 655, 657, 665, 680, 681, 682, 683, 684, 685, 686, 687, 688, 697, 724, 738, 739, 741, 742, 743, 745, 746, 757, 758, 760, 761, 763, 764, 766, 767, 768, 770, 778, 779, 781, 783, 784, 786, 787, 789, 790, 791, 792, 793, 794, 795, 796, 797, 799, 807, 808, 810, 812, 813, 814, 815, 816, 818, 826, 827, 829, 830, 832, 835, 836, 838, 839, 840, 841, 842, 843, 844, 846, 847, 848, 849, 850, 851, 853, 854, 855, 856, 857, 859, 860, 861, 863, 864, 865, 866, 867, 869, 870, 871, 872, 873, 874, 876, 877, 878, 879, 881, 889, 890, 892, 894, 895, 898, 899, 900, 901, 903, 904, 905, 907, 908, 909, 910, 911, 912, 913, 915, 916, 917, 918, 920, 921, 922, 924, 925, 926, 927, 929, 930, 931, 934, 935, 936, 937, 938, 940, 954, 955, 958, 960, 961, 963, 964, 965, 966, 967, 968, 969, 970, 971, 974, 976, 977, 980, 981, 982, 983, 984, 986, 989, 990, 992, 1004, 1006, 1007, 1009, 1010, 1011, 1012, 1013, 1015, 1016, 1017, 1019, 1021, 1024, 1025, 1028, 1030, 1033, 1036, 1038, 1039, 1040, 1042, 1043, 1044, 1045, 1046, 1066, 1067, 1068, 1074, 1075, 1076, 1082, 1083, 1084, 1091, 1120, 1121, 1122, 1123, 1124, 1125, 1127, 1128, 1130, 1138, 1140, 1141, 1152, 1154, 1155, 1156, 1159, 1160, 1161, 1162, 1163, 1166, 1168, 1169, 1171, 1172, 1173, 1176, 1177, 1180, 1181, 1183, 1186, 1189, 1190, 1192, 1193, 1195, 1196, 1197, 1199, 1200, 1203, 1204, 1206, 1207, 1208, 1209, 1210, 1211, 1212, 1213, 1214, 1215, 1216, 1217, 1218, 1219, 1220, 1221, 1222, 1223, 1224, 1225, 1226, 1227, 1228, 1229, 1230, 1231, 1232, 1233, 1234, 1235, 1236, 1237, 1238, 1239, 1240, 1241, 1242, 1243, 1244, 1245, 1246, 1247, 1248, 1249, 1250, 1251, 1252, 1253, 1254, 1255, 1256, 1257, 1259, 1260, 1261, 1264, 1265, 1266, 1269, 1270, 1272, 1274, 1275, 1277, 1278, 1279, 1281, 1282, 1285, 1287, 1288, 1289, 1291, 1293, 1294, 1295, 1296, 1297, 1298, 1300, 1319, 1327, 1328, 1329, 1330, 1333, 1335, 1336, 1338, 1339, 1341, 1344, 1345, 1347, 1348, 1350, 1351, 1352, 1354, 1355, 1358, 1359, 1361, 1362, 1363, 1364, 1365, 1366, 1367, 1368, 1369, 1370, 1371, 1372, 1373, 1374, 1375, 1376, 1377, 1378, 1379, 1380, 1381, 1382, 1383, 1384, 1385, 1386, 1387, 1388, 1389, 1390, 1391, 1392, 1393, 1394, 1395, 1396, 1397, 1398, 1399, 1400, 1401, 1402, 1403, 1404, 1405, 1406, 1407, 1408, 1409, 1410, 1411, 1412, 1414, 1415, 1416, 1419, 1420, 1421, 1424, 1425, 1427, 1429, 1430, 1432, 1433, 1434, 1436, 1437, 1440, 1442, 1443, 1444, 1446, 1448, 1449, 1450, 1451, 1452, 1453, 1455, 1460, 1462, 1463, 1464, 1466, 1467, 1468, 1478, 1479, 1480, 1481, 1484, 1485, 1486, 1489, 1490, 1491, 1493, 1494, 1495, 1496, 1498, 1499, 1501, 1511, 1512, 1513, 1514, 1516, 1517, 1518, 1520, 1530, 1531, 1532, 1534, 1535, 1537, 1538, 1539, 1540, 1542, 1551, 1552, 1553, 1556, 1557, 1558, 1560, 1563, 1566, 1567, 1569, 1571, 1572, 1575, 1576, 1579, 1580, 1581, 1583, 1584, 1585, 1586, 1588, 1590, 1594, 1595, 1596, 1597, 1602, 1670, 1672, 1673, 1674, 1676, 1677, 1678, 1679, 1680, 1681, 1686, 1687, 1688, 1690, 1691, 1692, 1697, 1699, 1700, 1702, 1703, 1704, 1707, 1708, 1710, 1711, 1712, 1713, 1714, 1716, 1717, 1720, 1721, 1723, 1731, 1733, 1734, 1735, 1736, 1737, 1738, 1739, 1740, 1742, 1744, 1745, 1746, 1747, 1748, 1750, 1753, 1754, 1755, 1756, 1757, 1759, 1764, 1766, 1767, 1768, 1769, 1771, 1772, 1774, 1775, 1776, 1777, 1778, 1781, 1782, 1783, 1784, 1785, 1788, 1789, 1790, 1791, 1792, 1794, 1795, 1797, 1800, 1801, 1802, 1803, 1804, 1805, 1807, 1808, 1809, 1812, 1813, 1814, 1815, 1816, 1817, 1818, 1823, 1824, 1826, 1827, 1828, 1829, 1832, 1834, 1835, 1836, 1838, 1839, 1840, 1843, 1844, 1846, 1847, 1848, 1849, 1854], "excluded_lines": [], "functions": {"SymbolTracker.__init__": {"executed_lines": [], "summary": {"covered_lines": 0, "num_statements": 1, "percent_covered": 0.0, "percent_covered_display": "0", "missing_lines": 1, "excluded_lines": 0}, "missing_lines": [72], "excluded_lines": []}, "SymbolTracker.update": {"executed_lines": [], "summary": {"covered_lines": 0, "num_statements": 1, "percent_covered": 0.0, "percent_covered_display": "0", "missing_lines": 1, "excluded_lines": 0}, "missing_lines": [80], "excluded_lines": []}, "SymbolTracker.get_symbols": {"executed_lines": [], "summary": {"covered_lines": 0, "num_statements": 1, "percent_covered": 0.0, "percent_covered_display": "0", "missing_lines": 1, "excluded_lines": 0}, "missing_lines": [88], "excluded_lines": []}, "SymbolTracker.get_symbol_type": {"executed_lines": [], "summary": {"covered_lines": 0, "num_statements": 1, "percent_covered": 0.0, "percent_covered_display": "0", "missing_lines": 1, "excluded_lines": 0}, "missing_lines": [99], "excluded_lines": []}, "SymbolTracker.clear": {"executed_lines": [], "summary": {"covered_lines": 0, "num_statements": 1, "percent_covered": 0.0, "percent_covered_display": "0", "missing_lines": 1, "excluded_lines": 0}, "missing_lines": [103], "excluded_lines": []}, "MLREPLSession.__init__": {"executed_lines": [], "summary": {"covered_lines": 0, "num_statements": 18, "percent_covered": 0.0, "percent_covered_display": "0", "missing_lines": 18, "excluded_lines": 0}, "missing_lines": [142, 143, 144, 145, 146, 147, 150, 151, 152, 153, 156, 157, 160, 163, 164, 167, 168, 171], "excluded_lines": []}, "MLREPLSession._init_namespace": {"executed_lines": [], "summary": {"covered_lines": 0, "num_statements": 35, "percent_covered": 0.0, "percent_covered_display": "0", "missing_lines": 35, "excluded_lines": 0}, "missing_lines": [176, 179, 180, 184, 185, 186, 187, 188, 189, 190, 191, 192, 193, 194, 195, 196, 197, 198, 199, 200, 201, 202, 204, 205, 209, 210, 213, 214, 215, 216, 217, 218, 219, 221, 222], "excluded_lines": []}, "MLREPLSession.execute_ml_line": {"executed_lines": [], "summary": {"covered_lines": 0, "num_statements": 122, "percent_covered": 0.0, "percent_covered_display": "0", "missing_lines": 122, "excluded_lines": 0}, "missing_lines": [239, 240, 247, 248, 252, 253, 255, 256, 259, 261, 263, 268, 275, 277, 280, 281, 283, 285, 286, 288, 289, 290, 292, 293, 294, 295, 296, 298, 300, 301, 303, 308, 311, 313, 316, 318, 319, 320, 321, 322, 323, 324, 326, 327, 329, 331, 333, 334, 335, 336, 337, 338, 340, 341, 344, 346, 352, 353, 355, 357, 358, 360, 361, 364, 366, 367, 368, 370, 371, 372, 374, 375, 376, 378, 379, 380, 382, 383, 384, 386, 387, 388, 390, 391, 392, 395, 396, 397, 399, 402, 403, 406, 408, 413, 415, 417, 418, 419, 424, 431, 433, 434, 437, 440, 443, 445, 447, 449, 450, 451, 453, 457, 458, 462, 469, 472, 473, 475, 483, 485, 488, 490], "excluded_lines": []}, "MLREPLSession._extract_symbols": {"executed_lines": [], "summary": {"covered_lines": 0, "num_statements": 22, "percent_covered": 0.0, "percent_covered_display": "0", "missing_lines": 22, "excluded_lines": 0}, "missing_lines": [506, 508, 510, 513, 514, 516, 517, 519, 520, 522, 523, 524, 525, 527, 528, 529, 530, 532, 533, 535, 537, 539], "excluded_lines": []}, "MLREPLSession._format_runtime_error": {"executed_lines": [], "summary": {"covered_lines": 0, "num_statements": 28, "percent_covered": 0.0, "percent_covered_display": "0", "missing_lines": 28, "excluded_lines": 0}, "missing_lines": [551, 552, 555, 556, 557, 558, 559, 560, 561, 562, 563, 564, 565, 566, 567, 568, 569, 570, 571, 572, 573, 574, 575, 576, 577, 579, 580, 582], "excluded_lines": []}, "MLREPLSession._format_unexpected_error": {"executed_lines": [], "summary": {"covered_lines": 0, "num_statements": 3, "percent_covered": 0.0, "percent_covered_display": "0", "missing_lines": 3, "excluded_lines": 0}, "missing_lines": [596, 597, 599], "excluded_lines": []}, "MLREPLSession.execute_ml_block": {"executed_lines": [], "summary": {"covered_lines": 0, "num_statements": 2, "percent_covered": 0.0, "percent_covered_display": "0", "missing_lines": 2, "excluded_lines": 0}, "missing_lines": [616, 617], "excluded_lines": []}, "MLREPLSession.grant_capability": {"executed_lines": [], "summary": {"covered_lines": 0, "num_statements": 5, "percent_covered": 0.0, "percent_covered_display": "0", "missing_lines": 5, "excluded_lines": 0}, "missing_lines": [629, 630, 633, 636, 638], "excluded_lines": []}, "MLREPLSession.revoke_capability": {"executed_lines": [], "summary": {"covered_lines": 0, "num_statements": 5, "percent_covered": 0.0, "percent_covered_display": "0", "missing_lines": 5, "excluded_lines": 0}, "missing_lines": [649, 650, 652, 655, 657], "excluded_lines": []}, "MLREPLSession.get_capabilities": {"executed_lines": [], "summary": {"covered_lines": 0, "num_statements": 1, "percent_covered": 0.0, "percent_covered_display": "0", "missing_lines": 1, "excluded_lines": 0}, "missing_lines": [665], "excluded_lines": []}, "MLREPLSession.reset_session": {"executed_lines": [], "summary": {"covered_lines": 0, "num_statements": 9, "percent_covered": 0.0, "percent_covered_display": "0", "missing_lines": 9, "excluded_lines": 0}, "missing_lines": [680, 681, 682, 683, 684, 685, 686, 687, 688], "excluded_lines": []}, "MLREPLSession.get_variables": {"executed_lines": [], "summary": {"covered_lines": 0, "num_statements": 2, "percent_covered": 0.0, "percent_covered_display": "0", "missing_lines": 2, "excluded_lines": 0}, "missing_lines": [697, 724], "excluded_lines": []}, "MLREPLSession.toggle_dev_mode": {"executed_lines": [], "summary": {"covered_lines": 0, "num_statements": 7, "percent_covered": 0.0, "percent_covered_display": "0", "missing_lines": 7, "excluded_lines": 0}, "missing_lines": [738, 739, 741, 742, 743, 745, 746], "excluded_lines": []}, "MLREPLSession.reload_module": {"executed_lines": [], "summary": {"covered_lines": 0, "num_statements": 10, "percent_covered": 0.0, "percent_covered_display": "0", "missing_lines": 10, "excluded_lines": 0}, "missing_lines": [757, 758, 760, 761, 763, 764, 766, 767, 768, 770], "excluded_lines": []}, "MLREPLSession.reload_all_modules": {"executed_lines": [], "summary": {"covered_lines": 0, "num_statements": 17, "percent_covered": 0.0, "percent_covered_display": "0", "missing_lines": 17, "excluded_lines": 0}, "missing_lines": [778, 779, 781, 783, 784, 786, 787, 789, 790, 791, 792, 793, 794, 795, 796, 797, 799], "excluded_lines": []}, "MLREPLSession.refresh_modules": {"executed_lines": [], "summary": {"covered_lines": 0, "num_statements": 9, "percent_covered": 0.0, "percent_covered_display": "0", "missing_lines": 9, "excluded_lines": 0}, "missing_lines": [807, 808, 810, 812, 813, 814, 815, 816, 818], "excluded_lines": []}, "MLREPLSession.get_performance_summary": {"executed_lines": [], "summary": {"covered_lines": 0, "num_statements": 44, "percent_covered": 0.0, "percent_covered_display": "0", "missing_lines": 44, "excluded_lines": 0}, "missing_lines": [826, 827, 829, 830, 832, 835, 836, 838, 839, 840, 841, 842, 843, 844, 846, 847, 848, 849, 850, 851, 853, 854, 855, 856, 857, 859, 860, 861, 863, 864, 865, 866, 867, 869, 870, 871, 872, 873, 874, 876, 877, 878, 879, 881], "excluded_lines": []}, "MLREPLSession.get_memory_report": {"executed_lines": [], "summary": {"covered_lines": 0, "num_statements": 39, "percent_covered": 0.0, "percent_covered_display": "0", "missing_lines": 39, "excluded_lines": 0}, "missing_lines": [889, 890, 892, 894, 895, 898, 899, 900, 901, 903, 904, 905, 907, 908, 909, 910, 911, 912, 913, 915, 916, 917, 918, 920, 921, 922, 924, 925, 926, 927, 929, 930, 931, 934, 935, 936, 937, 938, 940], "excluded_lines": []}, "format_repl_value": {"executed_lines": [], "summary": {"covered_lines": 0, "num_statements": 26, "percent_covered": 0.0, "percent_covered_display": "0", "missing_lines": 26, "excluded_lines": 0}, "missing_lines": [954, 955, 958, 960, 961, 963, 964, 965, 966, 967, 968, 969, 970, 971, 974, 976, 977, 980, 981, 982, 983, 984, 986, 989, 990, 992], "excluded_lines": []}, "_page_output": {"executed_lines": [], "summary": {"covered_lines": 0, "num_statements": 27, "percent_covered": 0.0, "percent_covered_display": "0", "missing_lines": 27, "excluded_lines": 0}, "missing_lines": [1004, 1006, 1007, 1009, 1010, 1011, 1012, 1013, 1015, 1016, 1017, 1019, 1021, 1024, 1025, 1028, 1030, 1033, 1036, 1038, 1039, 1040, 1042, 1043, 1044, 1045, 1046], "excluded_lines": []}, "run_repl": {"executed_lines": [], "summary": {"covered_lines": 0, "num_statements": 10, "percent_covered": 0.0, "percent_covered_display": "0", "missing_lines": 10, "excluded_lines": 0}, "missing_lines": [1066, 1067, 1068, 1074, 1075, 1076, 1082, 1083, 1084, 1091], "excluded_lines": []}, "run_fancy_repl": {"executed_lines": [], "summary": {"covered_lines": 0, "num_statements": 123, "percent_covered": 0.0, "percent_covered_display": "0", "missing_lines": 123, "excluded_lines": 0}, "missing_lines": [1120, 1121, 1122, 1123, 1124, 1125, 1127, 1128, 1130, 1138, 1140, 1141, 1152, 1154, 1155, 1159, 1160, 1161, 1162, 1163, 1166, 1168, 1169, 1171, 1172, 1173, 1176, 1177, 1180, 1181, 1183, 1186, 1189, 1190, 1192, 1193, 1195, 1196, 1197, 1199, 1200, 1203, 1204, 1206, 1207, 1208, 1209, 1210, 1211, 1212, 1213, 1214, 1215, 1216, 1217, 1218, 1219, 1220, 1221, 1222, 1223, 1224, 1225, 1226, 1227, 1228, 1229, 1230, 1231, 1232, 1233, 1234, 1235, 1236, 1237, 1238, 1239, 1240, 1241, 1242, 1243, 1244, 1245, 1246, 1247, 1248, 1249, 1250, 1251, 1252, 1253, 1254, 1255, 1256, 1257, 1259, 1260, 1261, 1264, 1265, 1266, 1269, 1270, 1272, 1274, 1275, 1277, 1278, 1279, 1281, 1282, 1285, 1287, 1288, 1289, 1291, 1293, 1294, 1295, 1296, 1297, 1298, 1300], "excluded_lines": []}, "run_fancy_repl._": {"executed_lines": [], "summary": {"covered_lines": 0, "num_statements": 1, "percent_covered": 0.0, "percent_covered_display": "0", "missing_lines": 1, "excluded_lines": 0}, "missing_lines": [1156], "excluded_lines": []}, "run_basic_repl": {"executed_lines": [], "summary": {"covered_lines": 0, "num_statements": 102, "percent_covered": 0.0, "percent_covered_display": "0", "missing_lines": 102, "excluded_lines": 0}, "missing_lines": [1319, 1327, 1328, 1329, 1330, 1333, 1335, 1336, 1338, 1339, 1341, 1344, 1345, 1347, 1348, 1350, 1351, 1352, 1354, 1355, 1358, 1359, 1361, 1362, 1363, 1364, 1365, 1366, 1367, 1368, 1369, 1370, 1371, 1372, 1373, 1374, 1375, 1376, 1377, 1378, 1379, 1380, 1381, 1382, 1383, 1384, 1385, 1386, 1387, 1388, 1389, 1390, 1391, 1392, 1393, 1394, 1395, 1396, 1397, 1398, 1399, 1400, 1401, 1402, 1403, 1404, 1405, 1406, 1407, 1408, 1409, 1410, 1411, 1412, 1414, 1415, 1416, 1419, 1420, 1421, 1424, 1425, 1427, 1429, 1430, 1432, 1433, 1434, 1436, 1437, 1440, 1442, 1443, 1444, 1446, 1448, 1449, 1450, 1451, 1452, 1453, 1455], "excluded_lines": []}, "show_capabilities": {"executed_lines": [], "summary": {"covered_lines": 0, "num_statements": 7, "percent_covered": 0.0, "percent_covered_display": "0", "missing_lines": 7, "excluded_lines": 0}, "missing_lines": [1460, 1462, 1463, 1464, 1466, 1467, 1468], "excluded_lines": []}, "handle_grant_command": {"executed_lines": [], "summary": {"covered_lines": 0, "num_statements": 17, "percent_covered": 0.0, "percent_covered_display": "0", "missing_lines": 17, "excluded_lines": 0}, "missing_lines": [1478, 1479, 1480, 1481, 1484, 1485, 1486, 1489, 1490, 1491, 1493, 1494, 1495, 1496, 1498, 1499, 1501], "excluded_lines": []}, "handle_revoke_command": {"executed_lines": [], "summary": {"covered_lines": 0, "num_statements": 8, "percent_covered": 0.0, "percent_covered_display": "0", "missing_lines": 8, "excluded_lines": 0}, "missing_lines": [1511, 1512, 1513, 1514, 1516, 1517, 1518, 1520], "excluded_lines": []}, "handle_retry_command": {"executed_lines": [], "summary": {"covered_lines": 0, "num_statements": 10, "percent_covered": 0.0, "percent_covered_display": "0", "missing_lines": 10, "excluded_lines": 0}, "missing_lines": [1530, 1531, 1532, 1534, 1535, 1537, 1538, 1539, 1540, 1542], "excluded_lines": []}, "handle_edit_command": {"executed_lines": [], "summary": {"covered_lines": 0, "num_statements": 28, "percent_covered": 0.0, "percent_covered_display": "0", "missing_lines": 28, "excluded_lines": 0}, "missing_lines": [1551, 1552, 1553, 1556, 1557, 1558, 1560, 1563, 1566, 1567, 1569, 1571, 1572, 1575, 1576, 1579, 1580, 1581, 1583, 1584, 1585, 1586, 1588, 1590, 1594, 1595, 1596, 1597], "excluded_lines": []}, "print_help": {"executed_lines": [], "summary": {"covered_lines": 0, "num_statements": 1, "percent_covered": 0.0, "percent_covered_display": "0", "missing_lines": 1, "excluded_lines": 0}, "missing_lines": [1602], "excluded_lines": []}, "show_variables": {"executed_lines": [], "summary": {"covered_lines": 0, "num_statements": 10, "percent_covered": 0.0, "percent_covered_display": "0", "missing_lines": 10, "excluded_lines": 0}, "missing_lines": [1670, 1672, 1673, 1674, 1676, 1677, 1678, 1679, 1680, 1681], "excluded_lines": []}, "show_history": {"executed_lines": [], "summary": {"covered_lines": 0, "num_statements": 6, "percent_covered": 0.0, "percent_covered_display": "0", "missing_lines": 6, "excluded_lines": 0}, "missing_lines": [1686, 1687, 1688, 1690, 1691, 1692], "excluded_lines": []}, "show_modules": {"executed_lines": [], "summary": {"covered_lines": 0, "num_statements": 40, "percent_covered": 0.0, "percent_covered_display": "0", "missing_lines": 40, "excluded_lines": 0}, "missing_lines": [1697, 1699, 1700, 1702, 1703, 1704, 1707, 1708, 1710, 1711, 1712, 1713, 1714, 1716, 1717, 1720, 1721, 1723, 1731, 1733, 1734, 1735, 1736, 1737, 1738, 1739, 1740, 1742, 1744, 1745, 1746, 1747, 1748, 1750, 1753, 1754, 1755, 1756, 1757, 1759], "excluded_lines": []}, "show_module_info": {"executed_lines": [], "summary": {"covered_lines": 0, "num_statements": 41, "percent_covered": 0.0, "percent_covered_display": "0", "missing_lines": 41, "excluded_lines": 0}, "missing_lines": [1764, 1766, 1767, 1768, 1769, 1771, 1772, 1774, 1775, 1776, 1777, 1778, 1781, 1782, 1783, 1784, 1785, 1788, 1789, 1790, 1791, 1792, 1794, 1795, 1797, 1800, 1801, 1802, 1803, 1804, 1805, 1807, 1808, 1809, 1812, 1813, 1814, 1815, 1816, 1817, 1818], "excluded_lines": []}, "add_extension_path": {"executed_lines": [], "summary": {"covered_lines": 0, "num_statements": 19, "percent_covered": 0.0, "percent_covered_display": "0", "missing_lines": 19, "excluded_lines": 0}, "missing_lines": [1823, 1824, 1826, 1827, 1828, 1829, 1832, 1834, 1835, 1836, 1838, 1839, 1840, 1843, 1844, 1846, 1847, 1848, 1849], "excluded_lines": []}, "": {"executed_lines": [1, 12, 13, 14, 15, 16, 18, 19, 22, 23, 24, 34, 35, 36, 37, 38, 41, 42, 43, 54, 55, 56, 57, 58, 59, 62, 63, 70, 74, 82, 90, 101, 106, 107, 123, 173, 224, 492, 541, 586, 606, 619, 640, 659, 667, 690, 732, 748, 772, 801, 820, 883, 943, 995, 1049, 1099, 1303, 1458, 1471, 1504, 1523, 1545, 1600, 1668, 1684, 1695, 1762, 1821, 1852], "summary": {"covered_lines": 64, "num_statements": 65, "percent_covered": 98.46153846153847, "percent_covered_display": "98", "missing_lines": 1, "excluded_lines": 0}, "missing_lines": [1854], "excluded_lines": []}}, "classes": {"REPLStatement": {"executed_lines": [], "summary": {"covered_lines": 0, "num_statements": 0, "percent_covered": 100.0, "percent_covered_display": "100", "missing_lines": 0, "excluded_lines": 0}, "missing_lines": [], "excluded_lines": []}, "REPLResult": {"executed_lines": [], "summary": {"covered_lines": 0, "num_statements": 0, "percent_covered": 100.0, "percent_covered_display": "100", "missing_lines": 0, "excluded_lines": 0}, "missing_lines": [], "excluded_lines": []}, "SymbolTracker": {"executed_lines": [], "summary": {"covered_lines": 0, "num_statements": 5, "percent_covered": 0.0, "percent_covered_display": "0", "missing_lines": 5, "excluded_lines": 0}, "missing_lines": [72, 80, 88, 99, 103], "excluded_lines": []}, "MLREPLSession": {"executed_lines": [], "summary": {"covered_lines": 0, "num_statements": 378, "percent_covered": 0.
[...]
246, 252, 257, 262, 267, 272, 277, 282, 287], "excluded_lines": []}, "": {"executed_lines": [1, 21, 22, 23, 24, 27, 33, 34, 40, 44, 45, 57, 58, 66, 67, 75, 76, 84, 85, 97, 98, 110, 111, 119, 120, 131, 132, 145, 146, 161, 162, 178, 179, 191, 192, 204, 205, 217, 218, 233, 234, 249, 250, 254, 255, 259, 260, 264, 265, 269, 270, 274, 275, 279, 280, 284, 285, 292, 296, 301, 306, 312, 316], "summary": {"covered_lines": 61, "num_statements": 64, "percent_covered": 95.3125, "percent_covered_display": "95", "missing_lines": 3, "excluded_lines": 0}, "missing_lines": [298, 303, 308], "excluded_lines": []}}}, "src\\mlpy\\stdlib\\regex_bridge.py": {"executed_lines": [1, 43, 44, 45, 48, 49, 50, 59, 71, 72, 92, 93, 106, 107, 126, 127, 146, 147, 166, 167, 189, 190, 201, 202, 214, 215, 227, 228, 244, 245, 257, 258, 259, 272, 293, 294, 318, 319, 340, 341, 366, 367, 388, 389, 417, 418, 434, 435, 456, 457, 479, 480, 496, 497, 512, 513, 521, 522, 530, 531, 551, 557, 558, 574, 575, 587, 588, 601, 602, 614, 615, 630, 631, 639, 640, 652, 653, 683, 684, 710, 711, 737, 738, 766, 767, 790, 791, 821, 822, 845, 846, 871, 872, 902, 903, 918, 919, 939, 940, 964, 965, 990, 993], "summary": {"covered_lines": 99, "num_statements": 226, "percent_covered": 43.80530973451327, "percent_covered_display": "44", "missing_lines": 127, "excluded_lines": 0}, "missing_lines": [65, 86, 87, 88, 89, 90, 104, 120, 141, 142, 143, 144, 161, 162, 163, 164, 179, 180, 181, 182, 183, 199, 212, 225, 242, 254, 282, 283, 284, 285, 286, 287, 312, 313, 315, 316, 334, 335, 337, 338, 356, 357, 359, 360, 383, 384, 386, 407, 408, 410, 411, 432, 454, 472, 473, 494, 510, 519, 528, 537, 538, 539, 540, 541, 542, 543, 544, 545, 547, 548, 585, 599, 612, 628, 637, 646, 677, 704, 705, 706, 707, 708, 731, 732, 733, 734, 735, 756, 757, 758, 759, 760, 785, 786, 787, 788, 812, 813, 814, 815, 840, 841, 842, 843, 866, 867, 868, 869, 892, 893, 894, 895, 896, 916, 933, 934, 935, 936, 937, 959, 960, 961, 962, 983, 984, 985, 986], "excluded_lines": [], "functions": {"Match.__init__": {"executed_lines": [], "summary": {"covered_lines": 0, "num_statements": 1, "percent_covered": 0.0, "percent_covered_display": "0", "missing_lines": 1, "excluded_lines": 0}, "missing_lines": [65], "excluded_lines": []}, "Match.group": {"executed_lines": [], "summary": {"covered_lines": 0, "num_statements": 5, "percent_covered": 0.0, "percent_covered_display": "0", "missing_lines": 5, "excluded_lines": 0}, "missing_lines": [86, 87, 88, 89, 90], "excluded_lines": []}, "Match.groups": {"executed_lines": [], "summary": {"covered_lines": 0, "num_statements": 1, "percent_covered": 0.0, "percent_covered_display": "0", "missing_lines": 1, "excluded_lines": 0}, "missing_lines": [104], "excluded_lines": []}, "Match.groupDict": {"executed_lines": [], "summary": {"covered_lines": 0, "num_statements": 1, "percent_covered": 0.0, "percent_covered_display": "0", "missing_lines": 1, "excluded_lines": 0}, "missing_lines": [120], "excluded_lines": []}, "Match.start": {"executed_lines": [], "summary": {"covered_lines": 0, "num_statements": 4, "percent_covered": 0.0, "percent_covered_display": "0", "missing_lines": 4, "excluded_lines": 0}, "missing_lines": [141, 142, 143, 144], "excluded_lines": []}, "Match.end": {"executed_lines": [], "summary": {"covered_lines": 0, "num_statements": 4, "percent_covered": 0.0, "percent_covered_display": "0", "missing_lines": 4, "excluded_lines": 0}, "missing_lines": [161, 162, 163, 164], "excluded_lines": []}, "Match.span": {"executed_lines": [], "summary": {"covered_lines": 0, "num_statements": 5, "percent_covered": 0.0, "percent_covered_display": "0", "missing_lines": 5, "excluded_lines": 0}, "missing_lines": [179, 180, 181, 182, 183], "excluded_lines": []}, "Match.value": {"executed_lines": [], "summary": {"covered_lines": 0, "num_statements": 1, "percent_covered": 0.0, "percent_covered_display": "0", "missing_lines": 1, "excluded_lines": 0}, "missing_lines": [199], "excluded_lines": []}, "Match.lastGroup": {"executed_lines": [], "summary": {"covered_lines": 0, "num_statements": 1, "percent_covered": 0.0, "percent_covered_display": "0", "missing_lines": 1, "excluded_lines": 0}, "missing_lines": [212], "excluded_lines": []}, "Match.groupCount": {"executed_lines": [], "summary": {"covered_lines": 0, "num_statements": 1, "percent_covered": 0.0, "percent_covered_display": "0", "missing_lines": 1, "excluded_lines": 0}, "missing_lines": [225], "excluded_lines": []}, "Match.expand": {"executed_lines": [], "summary": {"covered_lines": 0, "num_statements": 1, "percent_covered": 0.0, "percent_covered_display": "0", "missing_lines": 1, "excluded_lines": 0}, "missing_lines": [242], "excluded_lines": []}, "Match.toString": {"executed_lines": [], "summary": {"covered_lines": 0, "num_statements": 1, "percent_covered": 0.0, "percent_covered_display": "0", "missing_lines": 1, "excluded_lines": 0}, "missing_lines": [254], "excluded_lines": []}, "Pattern.__init__": {"executed_lines": [], "summary": {"covered_lines": 0, "num_statements": 6, "percent_covered": 0.0, "percent_covered_display": "0", "missing_lines": 6, "excluded_lines": 0}, "missing_lines": [282, 283, 284, 285, 286, 287], "excluded_lines": []}, "Pattern.search": {"executed_lines": [], "summary": {"covered_lines": 0, "num_statements": 4, "percent_covered": 0.0, "percent_covered_display": "0", "missing_lines": 4, "excluded_lines": 0}, "missing_lines": [312, 313, 315, 316], "excluded_lines": []}, "Pattern.match": {"executed_lines": [], "summary": {"covered_lines": 0, "num_statements": 4, "percent_covered": 0.0, "percent_covered_display": "0", "missing_lines": 4, "excluded_lines": 0}, "missing_lines": [334, 335, 337, 338], "excluded_lines": []}, "Pattern.fullmatch": {"executed_lines": [], "summary": {"covered_lines": 0, "num_statements": 4, "percent_covered": 0.0, "percent_covered_display": "0", "missing_lines": 4, "excluded_lines": 0}, "missing_lines": [356, 357, 359, 360], "excluded_lines": []}, "Pattern.findall": {"executed_lines": [], "summary": {"covered_lines": 0, "num_statements": 3, "percent_covered": 0.0, "percent_covered_display": "0", "missing_lines": 3, "excluded_lines": 0}, "missing_lines": [383, 384, 386], "excluded_lines": []}, "Pattern.finditer": {"executed_lines": [], "summary": {"covered_lines": 0, "num_statements": 4, "percent_covered": 0.0, "percent_covered_display": "0", "missing_lines": 4, "excluded_lines": 0}, "missing_lines": [407, 408, 410, 411], "excluded_lines": []}, "Pattern.split": {"executed_lines": [], "summary": {"covered_lines": 0, "num_statements": 1, "percent_covered": 0.0, "percent_covered_display": "0", "missing_lines": 1, "excluded_lines": 0}, "missing_lines": [432], "excluded_lines": []}, "Pattern.sub": {"executed_lines": [], "summary": {"covered_lines": 0, "num_statements": 1, "percent_covered": 0.0, "percent_covered_display": "0", "missing_lines": 1, "excluded_lines": 0}, "missing_lines": [454], "excluded_lines": []}, "Pattern.subn": {"executed_lines": [], "summary": {"covered_lines": 0, "num_statements": 2, "percent_covered": 0.0, "percent_covered_display": "0", "missing_lines": 2, "excluded_lines": 0}, "missing_lines": [472, 473], "excluded_lines": []}, "Pattern.test": {"executed_lines": [], "summary": {"covered_lines": 0, "num_statements": 1, "percent_covered": 0.0, "percent_covered_display": "0", "missing_lines": 1, "excluded_lines": 0}, "missing_lines": [494], "excluded_lines": []}, "Pattern.count": {"executed_lines": [], "summary": {"covered_lines": 0, "num_statements": 1, "percent_covered": 0.0, "percent_covered_display": "0", "missing_lines": 1, "excluded_lines": 0}, "missing_lines": [510], "excluded_lines": []}, "Pattern.getPattern": {"executed_lines": [], "summary": {"covered_lines": 0, "num_statements": 1, "percent_covered": 0.0, "percent_covered_display": "0", "missing_lines": 1, "excluded_lines": 0}, "missing_lines": [519], "excluded_lines": []}, "Pattern.getFlags": {"executed_lines": [], "summary": {"covered_lines": 0, "num_statements": 1, "percent_covered": 0.0, "percent_covered_display": "0", "missing_lines": 1, "excluded_lines": 0}, "missing_lines": [528], "excluded_lines": []}, "Pattern.toString": {"executed_lines": [], "summary": {"covered_lines": 0, "num_statements": 11, "percent_covered": 0.0, "percent_covered_display": "0", "missing_lines": 11, "excluded_lines": 0}, "missing_lines": [537, 538, 539, 540, 541, 542, 543, 544, 545, 547, 548], "excluded_lines": []}, "Regex.IGNORECASE": {"executed_lines": [], "summary": {"covered_lines": 0, "num_statements": 1, "percent_covered": 0.0, "percent_covered_display": "0", "missing_lines": 1, "excluded_lines": 0}, "missing_lines": [585], "excluded_lines": []}, "Regex.MULTILINE": {"executed_lines": [], "summary": {"covered_lines": 0, "num_statements": 1, "percent_covered": 0.0, "percent_covered_display": "0", "missing_lines": 1, "excluded_lines": 0}, "missing_lines": [599], "excluded_lines": []}, "Regex.DOTALL": {"executed_lines": [], "summary": {"covered_lines": 0, "num_statements": 1, "percent_covered": 0.0, "percent_covered_display": "0", "missing_lines": 1, "excluded_lines": 0}, "missing_lines": [612], "excluded_lines": []}, "Regex.VERBOSE": {"executed_lines": [], "summary": {"covered_lines": 0, "num_statements": 1, "percent_covered": 0.0, "percent_covered_display": "0", "missing_lines": 1, "excluded_lines": 0}, "missing_lines": [628], "excluded_lines": []}, "Regex.ASCII": {"executed_lines": [], "summary": {"covered_lines": 0, "num_statements": 1, "percent_covered": 0.0, "percent_covered_display": "0", "missing_lines": 1, "excluded_lines": 0}, "missing_lines": [637], "excluded_lines": []}, "Regex.UNICODE": {"executed_lines": [], "summary": {"covered_lines": 0, "num_statements": 1, "percent_covered": 0.0, "percent_covered_display": "0", "missing_lines": 1, "excluded_lines": 0}, "missing_lines": [646], "excluded_lines": []}, "Regex.compile": {"executed_lines": [], "summary": {"covered_lines": 0, "num_statements": 1, "percent_covered": 0.0, "percent_covered_display": "0", "missing_lines": 1, "excluded_lines": 0}, "missing_lines": [677], "excluded_lines": []}, "Regex.search": {"executed_lines": [], "summary": {"covered_lines": 0, "num_statements": 5, "percent_covered": 0.0, "percent_covered_display": "0", "missing_lines": 5, "excluded_lines": 0}, "missing_lines": [704, 705, 706, 707, 708], "excluded_lines": []}, "Regex.match": {"executed_lines": [], "summary": {"covered_lines": 0, "num_statements": 5, "percent_covered": 0.0, "percent_covered_display": "0", "missing_lines": 5, "excluded_lines": 0}, "missing_lines": [731, 732, 733, 734, 735], "excluded_lines": []}, "Regex.fullmatch": {"executed_lines": [], "summary": {"covered_lines": 0, "num_statements": 5, "percent_covered": 0.0, "percent_covered_display": "0", "missing_lines": 5, "excluded_lines": 0}, "missing_lines": [756, 757, 758, 759, 760], "excluded_lines": []}, "Regex.findall": {"executed_lines": [], "summary": {"covered_lines": 0, "num_statements": 4, "percent_covered": 0.0, "percent_covered_display": "0", "missing_lines": 4, "excluded_lines": 0}, "missing_lines": [785, 786, 787, 788], "excluded_lines": []}, "Regex.finditer": {"executed_lines": [], "summary": {"covered_lines": 0, "num_statements": 4, "percent_covered": 0.0, "percent_covered_display": "0", "missing_lines": 4, "excluded_lines": 0}, "missing_lines": [812, 813, 814, 815], "excluded_lines": []}, "Regex.split": {"executed_lines": [], "summary": {"covered_lines": 0, "num_statements": 4, "percent_covered": 0.0, "percent_covered_display": "0", "missing_lines": 4, "excluded_lines": 0}, "missing_lines": [840, 841, 842, 843], "excluded_lines": []}, "Regex.sub": {"executed_lines": [], "summary": {"covered_lines": 0, "num_statements": 4, "percent_covered": 0.0, "percent_covered_display": "0", "missing_lines": 4, "excluded_lines": 0}, "missing_lines": [866, 867, 868, 869], "excluded_lines": []}, "Regex.subn": {"executed_lines": [], "summary": {"covered_lines": 0, "num_statements": 5, "percent_covered": 0.0, "percent_covered_display": "0", "missing_lines": 5, "excluded_lines": 0}, "missing_lines": [892, 893, 894, 895, 896], "excluded_lines": []}, "Regex.escape": {"executed_lines": [], "summary": {"covered_lines": 0, "num_statements": 1, "percent_covered": 0.0, "percent_covered_display": "0", "missing_lines": 1, "excluded_lines": 0}, "missing_lines": [916], "excluded_lines": []}, "Regex.isValid": {"executed_lines": [], "summary": {"covered_lines": 0, "num_statements": 5, "percent_covered": 0.0, "percent_covered_display": "0", "missing_lines": 5, "excluded_lines": 0}, "missing_lines": [933, 934, 935, 936, 937], "excluded_lines": []}, "Regex.test": {"executed_lines": [], "summary": {"covered_lines": 0, "num_statements": 4, "percent_covered": 0.0, "percent_covered_display": "0", "missing_lines": 4, "excluded_lines": 0}, "missing_lines": [959, 960, 961, 962], "excluded_lines": []}, "Regex.count": {"executed_lines": [], "summary": {"covered_lines": 0, "num_statements": 4, "percent_covered": 0.0, "percent_covered_display": "0", "missing_lines": 4, "excluded_lines": 0}, "missing_lines": [983, 984, 985, 986], "excluded_lines": []}, "": {"executed_lines": [1, 43, 44, 45, 48, 49, 50, 59, 71, 72, 92, 93, 106, 107, 126, 127, 146, 147, 166, 167, 189, 190, 201, 202, 214, 215, 227, 228, 244, 245, 257, 258, 259, 272, 293, 294, 318, 319, 340, 341, 366, 367, 388, 389, 417, 418, 434, 435, 456, 457, 479, 480, 496, 497, 512, 513, 521, 522, 530, 531, 551, 557, 558, 574, 575, 587, 588, 601, 602, 614, 615, 630, 631, 639, 640, 652, 653, 683, 684, 710, 711, 737, 738, 766, 767, 790, 791, 821, 822, 845, 846, 871, 872, 902, 903, 918, 919, 939, 940, 964, 965, 990, 993], "summary": {"covered_lines": 99, "num_statements": 99, "percent_covered": 100.0, "percent_covered_display": "100", "missing_lines": 0, "excluded_lines": 0}, "missing_lines": [], "excluded_lines": []}}, "classes": {"Match": {"executed_lines": [], "summary": {"covered_lines": 0, "num_statements": 26, "percent_covered": 0.0, "percent_covered_display": "0", "missing_lines": 26, "excluded_lines": 0}, "missing_lines": [65, 86, 87, 88, 89, 90, 104, 120, 141, 142, 143, 144, 161, 162, 163, 164, 179, 180, 181, 182, 183, 199, 212, 225, 242, 254], "excluded_lines": []}, "Pattern": {"executed_lines": [], "summary": {"covered_lines": 0, "num_statements": 44, "percent_covered": 0.0, "percent_covered_display": "0", "missing_lines": 44, "excluded_lines": 0}, "missing_lines": [282, 283, 284, 285, 286, 287, 312, 313, 315, 316, 334, 335, 337, 338, 356, 357, 359, 360, 383, 384, 386, 407, 408, 410, 411, 432, 454, 472, 473, 494, 510, 519, 528, 537, 538, 539, 540, 541, 542, 543, 544, 545, 547, 548], "excluded_lines": []}, "Regex": {"executed_lines": [], "summary": {"covered_lines": 0, "num_statements": 57, "percent_covered": 0.0, "percent_covered_display": "0", "missing_lines": 57, "excluded_lines": 0}, "missing_lines": [585, 599, 612, 628, 637, 646, 677, 704, 705, 706, 707, 708, 731, 732, 733, 734, 735, 756, 757, 758, 759, 760, 785, 786, 787, 788, 812, 813, 814, 815, 840, 841, 842, 843, 866, 867, 868, 869, 892, 893, 894, 895, 896, 916, 933, 934, 935, 936, 937, 959, 960, 961, 962, 983, 984, 985, 986], "excluded_lines": []}, "": {"executed_lines": [1, 43, 44, 45, 48, 49, 50, 59, 71, 72, 92, 93, 106, 107, 126, 127, 146, 147, 166, 167, 189, 190, 201, 202, 214, 215, 227, 228, 244, 245, 257, 258, 259, 272, 293, 294, 318, 319, 340, 341, 366, 367, 388, 389, 417, 418, 434, 435, 456, 457, 479, 480, 496, 497, 512, 513, 521, 522, 530, 531, 551, 557, 558, 574, 575, 587, 588, 601, 602, 614, 615, 630, 631, 639, 640, 652, 653, 683, 684, 710, 711, 737, 738, 766, 767, 790, 791, 821, 822, 845, 846, 871, 872, 902, 903, 918, 919, 939, 940, 964, 965, 990, 993], "summary": {"covered_lines": 99, "num_statements": 99, "percent_covered": 100.0, "percent_covered_display": "100", "missing_lines": 0, "excluded_lines": 0}, "missing_lines": [], "excluded_lines": []}}}, "src\\mlpy\\stdlib\\runtime_helpers.py": {"executed_lines": [1, 7, 8, 10, 13, 14, 16, 19, 36, 37, 40, 43, 46, 50, 54, 57, 66, 67, 85, 154, 167, 168, 173, 183, 186, 203], "summary": {"covered_lines": 24, "num_statements": 70, "percent_covered": 34.285714285714285, "percent_covered_display": "34", "missing_lines": 46, "excluded_lines": 0}, "missing_lines": [48, 52, 56, 58, 59, 61, 70, 71, 72, 74, 75, 78, 79, 80, 82, 98, 99, 103, 105, 106, 110, 113, 114, 119, 122, 124, 126, 128, 131, 133, 136, 137, 138, 143, 144, 147, 148, 149, 150, 151, 169, 170, 196, 197, 198, 199], "excluded_lines": [], "functions": {"safe_attr_access": {"executed_lines": [36, 37, 40, 43, 46, 50, 54, 57, 66, 67], "summary": {"covered_lines": 10, "num_statements": 25, "percent_covered": 40.0, "percent_covered_display": "40", "missing_lines": 15, "excluded_lines": 0}, "missing_lines": [48, 52, 56, 58, 59, 61, 70, 71, 72, 74, 75, 78, 79, 80, 82], "excluded_lines": []}, "safe_method_call": {"executed_lines": [], "summary": {"covered_lines": 0, "num_statements": 25, "percent_covered": 0.0, "percent_covered_display": "0", "missing_lines": 25, "excluded_lines": 0}, "missing_lines": [98, 99, 103, 105, 106, 110, 113, 114, 119, 122, 124, 126, 128, 131, 133, 136, 137, 138, 143, 144, 147, 148, 149, 150, 151], "excluded_lines": []}, "get_safe_length": {"executed_lines": [167, 168], "summary": {"covered_lines": 2, "num_statements": 4, "percent_covered": 50.0, "percent_covered_display": "50", "missing_lines": 2, "excluded_lines": 0}, "missing_lines": [169, 170], "excluded_lines": []}, "is_ml_object": {"executed_lines": [183], "summary": {"covered_lines": 1, "num_statements": 1, "percent_covered": 100.0, "percent_covered_display": "100", "missing_lines": 0, "excluded_lines": 0}, "missing_lines": [], "excluded_lines": []}, "get_object_type_name": {"executed_lines": [], "summary": {"covered_lines": 0, "num_statements": 4, "percent_covered": 0.0, "percent_covered_display": "0", "missing_lines": 4, "excluded_lines": 0}, "missing_lines": [196, 197, 198, 199], "excluded_lines": []}, "": {"executed_lines": [1, 7, 8, 10, 13, 14, 16, 19, 85, 154, 173, 186, 203], "summary": {"covered_lines": 11, "num_statements": 11, "percent_covered": 100.0, "percent_covered_display": "100", "missing_lines": 0, "excluded_lines": 0}, "missing_lines": [], "excluded_lines": []}}, "classes": {"SecurityError": {"executed_lines": [], "summary": {"covered_lines": 0, "num_statements": 0, "percent_covered": 100.0, "percent_covered_display": "100", "missing_lines": 0, "excluded_lines": 0}, "missing_lines": [], "excluded_lines": []}, "": {"executed_lines": [1, 7, 8, 10, 13, 14, 16, 19, 36, 37, 40, 43, 46, 50, 54, 57, 66, 67, 85, 154, 167, 168, 173, 183, 186, 203], "summary": {"covered_lines": 24, "num_statements": 70, "percent_covered": 34.285714285714285, "percent_covered_display": "34", "missing_lines": 46, "excluded_lines": 0}, "missing_lines": [48, 52, 56, 58, 59, 61, 70, 71, 72, 74, 75, 78, 79, 80, 82, 98, 99, 103, 105, 106, 110, 113, 114, 119, 122, 124, 126, 128, 131, 133, 136, 137, 138, 143, 144, 147, 148, 149, 150, 151, 169, 170, 196, 197, 198, 199], "excluded_lines": []}}}, "src\\mlpy\\version.py": {"executed_lines": [1, 3, 4], "summary": {"covered_lines": 2, "num_statements": 2, "percent_covered": 100.0, "percent_covered_display": "100", "missing_lines": 0, "excluded_lines": 0}, "missing_lines": [], "excluded_lines": [], "functions": {"": {"executed_lines": [1, 3, 4], "summary": {"covered_lines": 2, "num_statements": 2, "percent_covered": 100.0, "percent_covered_display": "100", "missing_lines": 0, "excluded_lines": 0}, "missing_lines": [], "excluded_lines": []}}, "classes": {"": {"executed_lines": [1, 3, 4], "summary": {"covered_lines": 2, "num_statements": 2, "percent_covered": 100.0, "percent_covered_display": "100", "missing_lines": 0, "excluded_lines": 0}, "missing_lines": [], "excluded_lines": []}}}}, "totals": {"covered_lines": 6097, "num_statements": 17535, "percent_covered": 34.77045908183633, "percent_covered_display": "35", "missing_lines": 11438, "excluded_lines": 22}}